T4534 23603:474 SEGGER J-Link V6.48a Log File (0000ms, 149736ms total)
T4534 23603:474 DLL Compiled: Jul 30 2019 15:16:09 (0000ms, 149736ms total)
T4534 23603:474 Logging started @ 2020-07-17 12:20 (0000ms, 149736ms total)
T4534 23603:498 JLINK_ExecCommand("Device = ATSAMD51P20A", ...). Device "ATSAMD51P20" selected.  returns 0x00 (0002ms, 149738ms total)
T4534 23603:500 JLINK_TIF_Select(JLINKARM_TIF_SWD)  returns 0x00 (0001ms, 149739ms total)
T4534 23603:501 JLINK_SetSpeed(4000) (0000ms, 149739ms total)
T4534 23603:501 JLINK_ResetPullsRESET(OFF) (0000ms, 149739ms total)
T4534 23603:501 JLINK_Connect()InitTarget() start J-Link Script File: Executing InitTarget() (0001ms, 149740ms total)
T4534 23603:501 InitTarget()Reset released!InitTarget() endInitTarget() end >0x10B TIF>Found SW-DP with ID 0x2BA01477 >0x0D TIF> >0x28 TIF> >0x0D TIF> >0x28 TIF> >0x0D TIF> >0x28 TIF> >0x0D TIF> >0x28 TIF> >0x0D TIF> >0x21 TIF> >0x0D TIF> >0x28 TIF>Scanning AP map to find all available APs >0x0D TIF> >0x28 TIF> >0x0D TIF> >0x21 TIF> >0x0D TIF> >0x21 TIF> >0x0D TIF> >0x28 TIF> >0x0D TIF> >0x21 TIF> >0x0D TIF> >0x21 TIF> >0x0D TIF> >0x28 TIF> >0x0D TIF> >0x21 TIF> >0x0D TIF> >0x30 TIF> >0x0D TIF>
 >0x21 TIF>AP[2]: Stopped AP scan as end of AP map has been reachedAP[0]: AHB-AP (IDR: 0x24770011)AP[1]: AHB-AP (IDR: 0x74770001)Iterating through AP map to find AHB-AP to use >0x42 TIF> >0x28 TIF> >0x0D TIF> >0x28 TIF> >0x0D TIF> >0x21 TIF> >0x0D TIF> >0x21 TIF> >0x42 TIF> >0x28 TIF> >0x0D TIF> >0x28 TIF> >0x0D TIF> >0x28 TIF> >0x0D TIF> >0x21 TIF> >0x0D TIF> >0x21 TIF>AP[0]: Core foundAP[0]: AHB-AP ROM base: 0x41003000 >0x0D TIF> >0x28 TIF> >0x0D TIF> >0x28 TIF> >0x0D TIF> >0x28 TIF> >0x0D TIF>
 >0x21 TIF> >0x0D TIF> >0x21 TIF>CPUID register: 0x410FC241. Implementer code: 0x41 (ARM)Found Cortex-M4 r0p1, Little endian. -- Max. mem block: 0x00001358 -- CPU_ReadMem(4 bytes @ 0xE000EDF0) -- CPU_ReadMem(4 bytes @ 0xE0002000)FPUnit: 6 code (BP) slots and 2 literal slots -- CPU_ReadMem(4 bytes @ 0xE000EDFC) -- CPU_ReadMem(4 bytes @ 0xE0001000) -- CPU_WriteMem(4 bytes @ 0xE0001000) -- CPU_ReadMem(4 bytes @ 0xE000ED88) -- CPU_WriteMem(4 bytes @ 0xE000ED88) -- CPU_ReadMem(4 bytes @ 0xE000ED88)
 -- CPU_WriteMem(4 bytes @ 0xE000ED88)CoreSight components:ROMTbl[0] @ 41003000 -- CPU_ReadMem(16 bytes @ 0x41003000) -- CPU_ReadMem(16 bytes @ 0xE00FFFF0) -- CPU_ReadMem(16 bytes @ 0xE00FFFE0)ROMTbl[0][0]: E00FF000, CID: B105100D, PID: 000BB4C4 ROM TableROMTbl[1] @ E00FF000 -- CPU_ReadMem(16 bytes @ 0xE00FF000) -- CPU_ReadMem(16 bytes @ 0xE000EFF0) -- CPU_ReadMem(16 bytes @ 0xE000EFE0)ROMTbl[1][0]: E000E000, CID: B105E00D, PID: 000BB00C SCS-M7 -- CPU_ReadMem(16 bytes @ 0xE0001FF0)
 -- CPU_ReadMem(16 bytes @ 0xE0001FE0)ROMTbl[1][1]: E0001000, CID: B105E00D, PID: 003BB002 DWT -- CPU_ReadMem(16 bytes @ 0xE0002FF0) -- CPU_ReadMem(16 bytes @ 0xE0002FE0)ROMTbl[1][2]: E0002000, CID: B105E00D, PID: 002BB003 FPB -- CPU_ReadMem(16 bytes @ 0xE0000FF0) -- CPU_ReadMem(16 bytes @ 0xE0000FE0)ROMTbl[1][3]: E0000000, CID: B105E00D, PID: 003BB001 ITM -- CPU_ReadMem(16 bytes @ 0xE00FF010) -- CPU_ReadMem(16 bytes @ 0xE0040FF0) -- CPU_ReadMem(16 bytes @ 0xE0040FE0)
ROMTbl[1][4]: E0040000, CID: B105900D, PID: 000BB9A1 TPIU -- CPU_ReadMem(16 bytes @ 0xE0041FF0) -- CPU_ReadMem(16 bytes @ 0xE0041FE0)ROMTbl[1][5]: E0041000, CID: B105900D, PID: 000BB925 ETM -- CPU_ReadMem(16 bytes @ 0xE0042FF0) -- CPU_ReadMem(16 bytes @ 0xE0042FE0)ROMTbl[1][6]: E0042000, CID: B105900D, PID: 003BB907 ETB  returns 0x00 (0158ms, 149897ms total)
T4534 23603:659 JLINK_Go() -- CPU_ReadMem(4 bytes @ 0xE0001000) (0006ms, 149903ms total)
T4534 23603:867 JLINK_IsHalted()  returns FALSE (0000ms, 149903ms total)
T4534 23604:068 JLINK_IsHalted()  returns FALSE (0001ms, 149904ms total)
T4534 23604:269 JLINK_IsHalted()  returns FALSE (0001ms, 149905ms total)
T4534 23604:471 JLINK_IsHalted()  returns FALSE (0001ms, 149905ms total)
T4534 23604:672 JLINK_IsHalted()  returns FALSE (0000ms, 149904ms total)
T4534 23604:872 JLINK_IsHalted()  returns FALSE (0001ms, 149905ms total)
T4534 23605:073 JLINK_IsHalted()  returns FALSE (0001ms, 149905ms total)
T4534 23605:274 JLINK_IsHalted()  returns FALSE (0002ms, 149906ms total)
T4534 23605:477 JLINK_IsHalted()  returns FALSE (0000ms, 149904ms total)
T4534 23605:679 JLINK_IsHalted()  returns FALSE (0000ms, 149904ms total)
T4534 23605:880 JLINK_IsHalted()  returns FALSE (0000ms, 149904ms total)
T4534 23606:080 JLINK_IsHalted()  returns FALSE (0000ms, 149904ms total)
T4534 23606:280 JLINK_IsHalted()  returns FALSE (0001ms, 149905ms total)
T4534 23606:481 JLINK_IsHalted()  returns FALSE (0000ms, 149904ms total)
T4534 23606:682 JLINK_IsHalted()  returns FALSE (0001ms, 149905ms total)
T4534 23606:884 JLINK_IsHalted()  returns FALSE (0000ms, 149904ms total)
T4534 23607:085 JLINK_IsHalted()  returns FALSE (0000ms, 149904ms total)
T4534 23607:288 JLINK_IsHalted()  returns FALSE (0000ms, 149904ms total)
T4534 23607:490 JLINK_IsHalted()  returns FALSE (0001ms, 149905ms total)
T4534 23607:691 JLINK_IsHalted()  returns FALSE (0001ms, 149905ms total)
T4534 23607:893 JLINK_IsHalted()  returns FALSE (0000ms, 149904ms total)
T4534 23608:096 JLINK_IsHalted()  returns FALSE (0000ms, 149904ms total)
T4534 23608:297 JLINK_IsHalted()  returns FALSE (0000ms, 149904ms total)
T4534 23608:498 JLINK_IsHalted()  returns FALSE (0000ms, 149904ms total)
T4534 23608:698 JLINK_IsHalted()  returns FALSE (0001ms, 149905ms total)
T4534 23608:899 JLINK_IsHalted()  returns FALSE (0000ms, 149904ms total)
T4534 23609:102 JLINK_IsHalted()  returns FALSE (0001ms, 149905ms total)
T4534 23609:303 JLINK_IsHalted()  returns FALSE (0001ms, 149905ms total)
T4534 23609:507 JLINK_IsHalted()  returns FALSE (0000ms, 149904ms total)
T4534 23609:709 JLINK_IsHalted()  returns FALSE (0000ms, 149904ms total)
T4534 23609:910 JLINK_IsHalted()  returns FALSE (0001ms, 149905ms total)
T4534 23610:112 JLINK_IsHalted()  returns FALSE (0001ms, 149905ms total)
T4534 23610:315 JLINK_IsHalted()  returns FALSE (0000ms, 149904ms total)
T4534 23610:516 JLINK_IsHalted()  returns FALSE (0000ms, 149904ms total)
T4534 23610:716 JLINK_IsHalted()  returns FALSE (0001ms, 149905ms total)
T4534 23610:917 JLINK_IsHalted()  returns FALSE (0000ms, 149904ms total)
T4534 23611:119 JLINK_IsHalted()  returns FALSE (0001ms, 149905ms total)
T4534 23611:321 JLINK_IsHalted()  returns FALSE (0000ms, 149904ms total)
T4534 23611:522 JLINK_IsHalted()  returns FALSE (0001ms, 149905ms total)
T4534 23611:723 JLINK_IsHalted()  returns FALSE (0001ms, 149905ms total)
T4534 23611:925 JLINK_IsHalted()  returns FALSE (0000ms, 149904ms total)
T4534 23612:126 JLINK_IsHalted()  returns FALSE (0001ms, 149905ms total)
T4534 23612:327 JLINK_IsHalted()  returns FALSE (0001ms, 149905ms total)
T4534 23612:530 JLINK_IsHalted()  returns FALSE (0001ms, 149905ms total)
T4534 23612:732 JLINK_IsHalted()  returns FALSE (0000ms, 149904ms total)
T4534 23612:933 JLINK_IsHalted()  returns FALSE (0000ms, 149904ms total)
T4534 23613:135 JLINK_IsHalted()  returns FALSE (0000ms, 149904ms total)
T4534 23613:335 JLINK_IsHalted()  returns FALSE (0000ms, 149904ms total)
T4534 23613:536 JLINK_IsHalted()  returns FALSE (0001ms, 149905ms total)
T4534 23613:737 JLINK_IsHalted()  returns FALSE (0002ms, 149907ms total)
T4534 23613:939 JLINK_IsHalted()  returns FALSE (0000ms, 149905ms total)
T4534 23614:141 JLINK_IsHalted()  returns FALSE (0000ms, 149905ms total)
T4534 23614:343 JLINK_IsHalted()  returns FALSE (0000ms, 149905ms total)
T4534 23614:545 JLINK_IsHalted()  returns FALSE (0000ms, 149905ms total)
T4534 23614:746 JLINK_IsHalted()  returns FALSE (0001ms, 149906ms total)
T4534 23614:947 JLINK_IsHalted()  returns FALSE (0001ms, 149906ms total)
T4534 23615:148 JLINK_IsHalted()  returns FALSE (0001ms, 149906ms total)
T4534 23615:349 JLINK_IsHalted()  returns FALSE (0001ms, 149906ms total)
T4534 23615:550 JLINK_IsHalted()  returns FALSE (0001ms, 149906ms total)
T4534 23615:752 JLINK_IsHalted()  returns FALSE (0001ms, 149906ms total)
T4534 23615:953 JLINK_IsHalted()  returns FALSE (0001ms, 149906ms total)
T4534 23616:154 JLINK_IsHalted()  returns FALSE (0001ms, 149906ms total)
T4534 23616:356 JLINK_IsHalted()  returns FALSE (0000ms, 149905ms total)
T4534 23616:556 JLINK_IsHalted()  returns FALSE (0000ms, 149905ms total)
T4534 23616:757 JLINK_IsHalted()  returns FALSE (0000ms, 149905ms total)
T4534 23616:960 JLINK_IsHalted()  returns FALSE (0000ms, 149905ms total)
T4534 23617:161 JLINK_IsHalted()  returns FALSE (0000ms, 149905ms total)
T4534 23617:362 JLINK_IsHalted()  returns FALSE (0000ms, 149905ms total)
T4534 23617:563 JLINK_IsHalted()  returns FALSE (0000ms, 149905ms total)
T4534 23617:764 JLINK_IsHalted()  returns FALSE (0000ms, 149905ms total)
T4534 23617:965 JLINK_IsHalted()  returns FALSE (0001ms, 149906ms total)
T4534 23618:166 JLINK_IsHalted()  returns FALSE (0000ms, 149905ms total)
T4534 23618:368 JLINK_IsHalted()  returns FALSE (0001ms, 149906ms total)
T4534 23618:572 JLINK_IsHalted()  returns FALSE (0000ms, 149905ms total)
T4534 23618:773 JLINK_IsHalted()  returns FALSE (0001ms, 149906ms total)
T4534 23618:975 JLINK_IsHalted()  returns FALSE (0000ms, 149905ms total)
T4534 23619:176 JLINK_IsHalted()  returns FALSE (0000ms, 149905ms total)
T4534 23619:376 JLINK_IsHalted()  returns FALSE (0001ms, 149906ms total)
T4534 23619:578 JLINK_IsHalted()  returns FALSE (0000ms, 149905ms total)
T4534 23619:778 JLINK_IsHalted()  returns FALSE (0001ms, 149906ms total)
T4534 23619:979 JLINK_IsHalted()  returns FALSE (0001ms, 149906ms total)
T4534 23620:180 JLINK_IsHalted()  returns FALSE (0001ms, 149906ms total)
T4534 23620:382 JLINK_IsHalted()  returns FALSE (0001ms, 149906ms total)
T4534 23620:586 JLINK_IsHalted()  returns FALSE (0000ms, 149905ms total)
T4534 23620:786 JLINK_IsHalted()  returns FALSE (0000ms, 149905ms total)
T4534 23620:987 JLINK_IsHalted()  returns FALSE (0000ms, 149905ms total)
T4534 23621:187 JLINK_IsHalted()  returns FALSE (0000ms, 149905ms total)
T4534 23621:388 JLINK_IsHalted()  returns FALSE (0000ms, 149905ms total)
T4534 23621:589 JLINK_IsHalted()  returns FALSE (0001ms, 149906ms total)
T4534 23621:790 JLINK_IsHalted()  returns FALSE (0000ms, 149905ms total)
T4534 23621:991 JLINK_IsHalted()  returns FALSE (0000ms, 149905ms total)
T4534 23622:192 JLINK_IsHalted()  returns FALSE (0000ms, 149905ms total)
T4534 23622:393 JLINK_IsHalted()  returns FALSE (0000ms, 149905ms total)
T4534 23622:593 JLINK_IsHalted()  returns FALSE (0001ms, 149906ms total)
T4534 23622:795 JLINK_IsHalted()  returns FALSE (0001ms, 149906ms total)
T4534 23622:996 JLINK_IsHalted()  returns FALSE (0001ms, 149906ms total)
T4534 23623:197 JLINK_IsHalted()  returns FALSE (0001ms, 149906ms total)
T4534 23623:399 JLINK_IsHalted()  returns FALSE (0001ms, 149906ms total)
T4534 23623:602 JLINK_IsHalted()  returns FALSE (0001ms, 149906ms total)
T4534 23623:804 JLINK_IsHalted()  returns FALSE (0000ms, 149905ms total)
T4534 23624:005 JLINK_IsHalted()  returns FALSE (0001ms, 149906ms total)
T4534 23624:207 JLINK_IsHalted()  returns FALSE (0000ms, 149905ms total)
T4534 23624:407 JLINK_IsHalted()  returns FALSE (0002ms, 149907ms total)
T4534 23624:609 JLINK_IsHalted()  returns FALSE (0000ms, 149905ms total)
T4534 23624:810 JLINK_IsHalted()  returns FALSE (0000ms, 149905ms total)
T4534 23625:012 JLINK_IsHalted()  returns FALSE (0001ms, 149906ms total)
T4534 23625:216 JLINK_IsHalted()  returns FALSE (0002ms, 149908ms total)
T4534 23625:420 JLINK_IsHalted()  returns FALSE (0000ms, 149906ms total)
T4534 23625:621 JLINK_IsHalted()  returns FALSE (0000ms, 149906ms total)
T4534 23625:821 JLINK_IsHalted()  returns FALSE (0000ms, 149906ms total)
T4534 23626:022 JLINK_IsHalted()  returns FALSE (0000ms, 149906ms total)
T4534 23626:223 JLINK_IsHalted()  returns FALSE (0001ms, 149907ms total)
T4534 23626:424 JLINK_IsHalted()  returns FALSE (0000ms, 149906ms total)
T4534 23626:624 JLINK_IsHalted()  returns FALSE (0001ms, 149907ms total)
T4534 23626:826 JLINK_IsHalted()  returns FALSE (0000ms, 149906ms total)
T4534 23627:028 JLINK_IsHalted()  returns FALSE (0000ms, 149906ms total)
T4534 23627:228 JLINK_IsHalted()  returns FALSE (0000ms, 149906ms total)
T4534 23627:428 JLINK_IsHalted()  returns FALSE (0001ms, 149907ms total)
T4534 23627:632 JLINK_IsHalted()  returns FALSE (0000ms, 149906ms total)
T4534 23627:833 JLINK_IsHalted()  returns FALSE (0000ms, 149906ms total)
T4534 23628:036 JLINK_IsHalted()  returns FALSE (0000ms, 149906ms total)
T4534 23628:237 JLINK_IsHalted()  returns FALSE (0000ms, 149906ms total)
T4534 23628:437 JLINK_IsHalted()  returns FALSE (0001ms, 149907ms total)
T4534 23628:638 JLINK_IsHalted()  returns FALSE (0001ms, 149907ms total)
T4534 23628:840 JLINK_IsHalted()  returns FALSE (0006ms, 149912ms total)
T4534 23629:051 JLINK_IsHalted()  returns FALSE (0001ms, 149907ms total)
T4534 23629:253 JLINK_IsHalted()  returns FALSE (0001ms, 149907ms total)
T4534 23629:456 JLINK_IsHalted()  returns FALSE (0001ms, 149907ms total)
T4534 23629:661 JLINK_IsHalted()  returns FALSE (0000ms, 149906ms total)
T4534 23629:863 JLINK_IsHalted()  returns FALSE (0000ms, 149906ms total)
T4534 23630:063 JLINK_IsHalted()  returns FALSE (0000ms, 149906ms total)
T4534 23630:265 JLINK_IsHalted()  returns FALSE (0001ms, 149907ms total)
T4534 23630:466 JLINK_IsHalted()  returns FALSE (0001ms, 149907ms total)
T4534 23630:667 JLINK_IsHalted()  returns FALSE (0001ms, 149907ms total)
T4534 23630:868 JLINK_IsHalted()  returns FALSE (0001ms, 149907ms total)
T4534 23631:070 JLINK_IsHalted()  returns FALSE (0000ms, 149906ms total)
T4534 23631:270 JLINK_IsHalted()  returns FALSE (0000ms, 149906ms total)
T4534 23631:471 JLINK_IsHalted()  returns FALSE (0001ms, 149907ms total)
T4534 23631:673 JLINK_IsHalted()  returns FALSE (0000ms, 149906ms total)
T4534 23631:874 JLINK_IsHalted()  returns FALSE (0000ms, 149906ms total)
T4534 23632:075 JLINK_IsHalted()  returns FALSE (0000ms, 149906ms total)
T4534 23632:277 JLINK_IsHalted()  returns FALSE (0000ms, 149906ms total)
T4534 23632:477 JLINK_IsHalted()  returns FALSE (0000ms, 149906ms total)
T4534 23632:679 JLINK_IsHalted()  returns FALSE (0000ms, 149906ms total)
T4534 23632:881 JLINK_IsHalted()  returns FALSE (0000ms, 149906ms total)
T4534 23633:082 JLINK_IsHalted()  returns FALSE (0000ms, 149906ms total)
T4534 23633:283 JLINK_IsHalted()  returns FALSE (0001ms, 149907ms total)
T4534 23633:485 JLINK_IsHalted()  returns FALSE (0001ms, 149907ms total)
T4534 23633:689 JLINK_IsHalted()  returns FALSE (0002ms, 149908ms total)
T4534 23633:891 JLINK_IsHalted()  returns FALSE (0000ms, 149906ms total)
T4534 23634:092 JLINK_IsHalted()  returns FALSE (0000ms, 149906ms total)
T4534 23634:293 JLINK_IsHalted()  returns FALSE (0007ms, 149913ms total)
T4534 23634:500 JLINK_IsHalted()  returns FALSE (0000ms, 149906ms total)
T4534 23634:701 JLINK_IsHalted()  returns FALSE (0000ms, 149906ms total)
T4534 23634:902 JLINK_IsHalted()  returns FALSE (0001ms, 149907ms total)
T4534 23635:103 JLINK_IsHalted()  returns FALSE (0001ms, 149907ms total)
T4534 23635:306 JLINK_IsHalted()  returns FALSE (0001ms, 149907ms total)
T4534 23635:508 JLINK_IsHalted()  returns FALSE (0001ms, 149907ms total)
T4534 23635:709 JLINK_IsHalted()  returns FALSE (0001ms, 149907ms total)
T4534 23635:911 JLINK_IsHalted()  returns FALSE (0000ms, 149906ms total)
T4534 23636:113 JLINK_IsHalted()  returns FALSE (0000ms, 149906ms total)
T4534 23636:313 JLINK_IsHalted()  returns FALSE (0002ms, 149908ms total)
T4534 23636:517 JLINK_IsHalted()  returns FALSE (0000ms, 149906ms total)
T4534 23636:718 JLINK_IsHalted()  returns FALSE (0000ms, 149906ms total)
T4534 23636:922 JLINK_IsHalted()  returns FALSE (0000ms, 149906ms total)
T4534 23637:122 JLINK_IsHalted()  returns FALSE (0001ms, 149907ms total)
T4534 23637:324 JLINK_IsHalted()  returns FALSE (0000ms, 149906ms total)
T4534 23637:525 JLINK_IsHalted()  returns FALSE (0000ms, 149906ms total)
T4534 23637:725 JLINK_IsHalted()  returns FALSE (0001ms, 149907ms total)
T4534 23637:929 JLINK_IsHalted()  returns FALSE (0000ms, 149906ms total)
T4534 23638:130 JLINK_IsHalted()  returns FALSE (0000ms, 149906ms total)
T4534 23638:331 JLINK_IsHalted()  returns FALSE (0000ms, 149906ms total)
T4534 23638:532 JLINK_IsHalted()  returns FALSE (0001ms, 149907ms total)
T4534 23638:733 JLINK_IsHalted()  returns FALSE (0001ms, 149907ms total)
T4534 23638:934 JLINK_IsHalted()  returns FALSE (0001ms, 149907ms total)
T4534 23639:135 JLINK_IsHalted()  returns FALSE (0000ms, 149907ms total)
T4534 23639:337 JLINK_IsHalted()  returns FALSE (0000ms, 149907ms total)
T4534 23639:538 JLINK_IsHalted()  returns FALSE (0001ms, 149908ms total)
T4534 23639:739 JLINK_IsHalted()  returns FALSE (0001ms, 149908ms total)
T4534 23639:941 JLINK_IsHalted()  returns FALSE (0000ms, 149907ms total)
T4534 23640:142 JLINK_IsHalted()  returns FALSE (0001ms, 149908ms total)
T4534 23640:344 JLINK_IsHalted()  returns FALSE (0002ms, 149909ms total)
T4534 23640:546 JLINK_IsHalted()  returns FALSE (0001ms, 149908ms total)
T4534 23640:749 JLINK_IsHalted()  returns FALSE (0000ms, 149907ms total)
T4534 23640:950 JLINK_IsHalted()  returns FALSE (0001ms, 149908ms total)
T4534 23641:152 JLINK_IsHalted()  returns FALSE (0000ms, 149907ms total)
T4534 23641:353 JLINK_IsHalted()  returns FALSE (0001ms, 149908ms total)
T4534 23641:555 JLINK_IsHalted()  returns FALSE (0000ms, 149907ms total)
T4534 23641:757 JLINK_IsHalted()  returns FALSE (0001ms, 149908ms total)
T4534 23641:959 JLINK_IsHalted()  returns FALSE (0000ms, 149907ms total)
T4534 23642:160 JLINK_IsHalted()  returns FALSE (0000ms, 149907ms total)
T4534 23642:361 JLINK_IsHalted()  returns FALSE (0000ms, 149907ms total)
T4534 23642:562 JLINK_IsHalted()  returns FALSE (0001ms, 149908ms total)
T4534 23642:765 JLINK_IsHalted()  returns FALSE (0001ms, 149908ms total)
T4534 23642:966 JLINK_IsHalted()  returns FALSE (0001ms, 149908ms total)
T4534 23643:168 JLINK_IsHalted()  returns FALSE (0000ms, 149907ms total)
T4534 23643:370 JLINK_IsHalted()  returns FALSE (0000ms, 149907ms total)
T4534 23643:571 JLINK_IsHalted()  returns FALSE (0001ms, 149908ms total)
T4534 23643:773 JLINK_IsHalted()  returns FALSE (0000ms, 149907ms total)
T4534 23643:975 JLINK_IsHalted()  returns FALSE (0001ms, 149908ms total)
T4534 23644:176 JLINK_IsHalted()  returns FALSE (0001ms, 149908ms total)
T4534 23644:377 JLINK_IsHalted()  returns FALSE (0001ms, 149908ms total)
T4534 23644:579 JLINK_IsHalted()  returns FALSE (0001ms, 149908ms total)
T4534 23644:781 JLINK_IsHalted()  returns FALSE (0001ms, 149908ms total)
T4534 23644:985 JLINK_IsHalted()  returns FALSE (0000ms, 149907ms total)
T4534 23645:187 JLINK_IsHalted()  returns FALSE (0001ms, 149908ms total)
T4534 23645:389 JLINK_IsHalted()  returns FALSE (0001ms, 149908ms total)
T4534 23645:590 JLINK_IsHalted()  returns FALSE (0001ms, 149908ms total)
T4534 23645:793 JLINK_IsHalted()  returns FALSE (0001ms, 149908ms total)
T4534 23645:995 JLINK_IsHalted()  returns FALSE (0001ms, 149908ms total)
T4534 23646:197 JLINK_IsHalted()  returns FALSE (0000ms, 149907ms total)
T4534 23646:397 JLINK_IsHalted()  returns FALSE (0001ms, 149908ms total)
T4534 23646:599 JLINK_IsHalted()  returns FALSE (0001ms, 149908ms total)
T4534 23646:802 JLINK_IsHalted()  returns FALSE (0000ms, 149907ms total)
T4534 23647:003 JLINK_IsHalted()  returns FALSE (0000ms, 149907ms total)
T4534 23647:205 JLINK_IsHalted()  returns FALSE (0000ms, 149907ms total)
T4534 23647:406 JLINK_IsHalted()  returns FALSE (0000ms, 149907ms total)
T4534 23647:607 JLINK_IsHalted()  returns FALSE (0000ms, 149907ms total)
T4534 23647:809 JLINK_IsHalted()  returns FALSE (0000ms, 149907ms total)
T4534 23648:012 JLINK_IsHalted()  returns FALSE (0001ms, 149908ms total)
T4534 23648:213 JLINK_IsHalted()  returns FALSE (0000ms, 149907ms total)
T4534 23648:415 JLINK_IsHalted()  returns FALSE (0001ms, 149908ms total)
T4534 23648:617 JLINK_IsHalted()  returns FALSE (0001ms, 149908ms total)
T4534 23648:819 JLINK_IsHalted()  returns FALSE (0000ms, 149907ms total)
T4534 23649:020 JLINK_IsHalted()  returns FALSE (0001ms, 149908ms total)
T4534 23649:222 JLINK_IsHalted()  returns FALSE (0000ms, 149907ms total)
T4534 23649:423 JLINK_IsHalted()  returns FALSE (0000ms, 149907ms total)
T4534 23649:625 JLINK_IsHalted()  returns FALSE (0001ms, 149908ms total)
T4534 23649:827 JLINK_IsHalted()  returns FALSE (0000ms, 149907ms total)
T4534 23650:028 JLINK_IsHalted()  returns FALSE (0000ms, 149907ms total)
T4534 23650:229 JLINK_IsHalted()  returns FALSE (0001ms, 149908ms total)
T4534 23650:431 JLINK_IsHalted()  returns FALSE (0001ms, 149908ms total)
T4534 23650:633 JLINK_IsHalted()  returns FALSE (0001ms, 149908ms total)
T4534 23650:835 JLINK_IsHalted()  returns FALSE (0001ms, 149908ms total)
T4534 23651:037 JLINK_IsHalted()  returns FALSE (0000ms, 149907ms total)
T4534 23651:237 JLINK_IsHalted()  returns FALSE (0001ms, 149908ms total)
T4534 23651:438 JLINK_IsHalted()  returns FALSE (0001ms, 149908ms total)
T4534 23651:641 JLINK_IsHalted()  returns FALSE (0002ms, 149909ms total)
T4534 23651:843 JLINK_IsHalted()  returns FALSE (0001ms, 149908ms total)
T4534 23652:045 JLINK_IsHalted()  returns FALSE (0000ms, 149907ms total)
T4534 23652:245 JLINK_IsHalted()  returns FALSE (0001ms, 149908ms total)
T4534 23652:446 JLINK_IsHalted()  returns FALSE (0001ms, 149908ms total)
T4534 23652:648 JLINK_IsHalted()  returns FALSE (0001ms, 149908ms total)
T4534 23652:849 JLINK_IsHalted()  returns FALSE (0000ms, 149907ms total)
T4534 23653:049 JLINK_IsHalted()  returns FALSE (0002ms, 149909ms total)
T4534 23653:251 JLINK_IsHalted()  returns FALSE (0000ms, 149907ms total)
T4534 23653:452 JLINK_IsHalted()  returns FALSE (0000ms, 149907ms total)
T4534 23653:652 JLINK_IsHalted()  returns FALSE (0001ms, 149908ms total)
T4534 23653:854 JLINK_IsHalted()  returns FALSE (0000ms, 149907ms total)
T4534 23654:059 JLINK_IsHalted()  returns FALSE (0001ms, 149908ms total)
T4534 23654:261 JLINK_IsHalted()  returns FALSE (0001ms, 149908ms total)
T4534 23654:462 JLINK_IsHalted()  returns FALSE (0001ms, 149908ms total)
T4534 23654:664 JLINK_IsHalted()  returns FALSE (0001ms, 149908ms total)
T4534 23654:866 JLINK_IsHalted()  returns FALSE (0000ms, 149907ms total)
T4534 23655:067 JLINK_IsHalted()  returns FALSE (0001ms, 149908ms total)
T4534 23655:269 JLINK_IsHalted()  returns FALSE (0000ms, 149907ms total)
T4534 23655:471 JLINK_IsHalted()  returns FALSE (0000ms, 149907ms total)
T4534 23655:672 JLINK_IsHalted()  returns FALSE (0000ms, 149907ms total)
T4534 23655:872 JLINK_IsHalted()  returns FALSE (0000ms, 149907ms total)
T4534 23656:073 JLINK_IsHalted()  returns FALSE (0001ms, 149908ms total)
T4534 23656:275 JLINK_IsHalted()  returns FALSE (0000ms, 149907ms total)
T4534 23656:476 JLINK_IsHalted()  returns FALSE (0000ms, 149907ms total)
T4534 23656:677 JLINK_IsHalted()  returns FALSE (0001ms, 149908ms total)
T4534 23656:878 JLINK_IsHalted()  returns FALSE (0001ms, 149908ms total)
T4534 23657:079 JLINK_IsHalted()  returns FALSE (0001ms, 149909ms total)
T4534 23657:280 JLINK_IsHalted()  returns FALSE (0001ms, 149909ms total)
T4534 23657:482 JLINK_IsHalted()  returns FALSE (0000ms, 149908ms total)
T4534 23657:682 JLINK_IsHalted()  returns FALSE (0001ms, 149909ms total)
T4534 23657:884 JLINK_IsHalted()  returns FALSE (0001ms, 149909ms total)
T4534 23658:087 JLINK_IsHalted()  returns FALSE (0001ms, 149909ms total)
T4534 23658:290 JLINK_IsHalted()  returns FALSE (0000ms, 149908ms total)
T4534 23658:491 JLINK_IsHalted()  returns FALSE (0000ms, 149908ms total)
T4534 23658:692 JLINK_IsHalted()  returns FALSE (0001ms, 149909ms total)
T4534 23658:893 JLINK_IsHalted()  returns FALSE (0000ms, 149908ms total)
T4534 23659:095 JLINK_IsHalted()  returns FALSE (0001ms, 149909ms total)
T4534 23659:298 JLINK_IsHalted()  returns FALSE (0000ms, 149908ms total)
T4534 23659:499 JLINK_IsHalted()  returns FALSE (0000ms, 149908ms total)
T4534 23659:700 JLINK_IsHalted()  returns FALSE (0001ms, 149909ms total)
T4534 23659:901 JLINK_IsHalted()  returns FALSE (0000ms, 149908ms total)
T4534 23660:103 JLINK_IsHalted()  returns FALSE (0001ms, 149909ms total)
T4534 23660:304 JLINK_IsHalted()  returns FALSE (0000ms, 149908ms total)
T4534 23660:507 JLINK_IsHalted()  returns FALSE (0000ms, 149908ms total)
T4534 23660:708 JLINK_IsHalted()  returns FALSE (0000ms, 149908ms total)
T4534 23660:908 JLINK_IsHalted()  returns FALSE (0001ms, 149909ms total)
T4534 23661:109 JLINK_IsHalted()  returns FALSE (0000ms, 149908ms total)
T4534 23661:310 JLINK_IsHalted()  returns FALSE (0000ms, 149908ms total)
T4534 23661:512 JLINK_IsHalted()  returns FALSE (0000ms, 149908ms total)
T4534 23661:713 JLINK_IsHalted()  returns FALSE (0000ms, 149908ms total)
T4534 23661:915 JLINK_IsHalted()  returns FALSE (0000ms, 149908ms total)
T4534 23662:117 JLINK_IsHalted()  returns FALSE (0001ms, 149909ms total)
T4534 23662:318 JLINK_IsHalted()  returns FALSE (0000ms, 149908ms total)
T4534 23662:519 JLINK_IsHalted()  returns FALSE (0000ms, 149908ms total)
T4534 23662:719 JLINK_IsHalted()  returns FALSE (0000ms, 149908ms total)
T4534 23662:919 JLINK_IsHalted()  returns FALSE (0001ms, 149909ms total)
T4534 23663:122 JLINK_IsHalted()  returns FALSE (0000ms, 149908ms total)
T4534 23663:322 JLINK_IsHalted()  returns FALSE (0001ms, 149909ms total)
T4534 23663:525 JLINK_IsHalted()  returns FALSE (0000ms, 149908ms total)
T4534 23663:726 JLINK_IsHalted()  returns FALSE (0001ms, 149909ms total)
T4534 23663:927 JLINK_IsHalted()  returns FALSE (0001ms, 149909ms total)
T4534 23664:128 JLINK_IsHalted()  returns FALSE (0001ms, 149909ms total)
T4534 23664:332 JLINK_IsHalted()  returns FALSE (0002ms, 149910ms total)
T4534 23664:534 JLINK_IsHalted()  returns FALSE (0000ms, 149908ms total)
T4534 23664:734 JLINK_IsHalted()  returns FALSE (0001ms, 149909ms total)
T4534 23664:936 JLINK_IsHalted()  returns FALSE (0001ms, 149909ms total)
T4534 23665:138 JLINK_IsHalted()  returns FALSE (0000ms, 149908ms total)
T4534 23665:338 JLINK_IsHalted()  returns FALSE (0000ms, 149908ms total)
T4534 23665:539 JLINK_IsHalted()  returns FALSE (0000ms, 149908ms total)
T4534 23665:740 JLINK_IsHalted()  returns FALSE (0001ms, 149909ms total)
T4534 23665:943 JLINK_IsHalted()  returns FALSE (0000ms, 149908ms total)
T4534 23666:143 JLINK_IsHalted()  returns FALSE (0001ms, 149909ms total)
T4534 23666:344 JLINK_IsHalted()  returns FALSE (0001ms, 149909ms total)
T4534 23666:545 JLINK_IsHalted()  returns FALSE (0000ms, 149908ms total)
T4534 23666:746 JLINK_IsHalted()  returns FALSE (0001ms, 149909ms total)
T4534 23666:949 JLINK_IsHalted()  returns FALSE (0000ms, 149908ms total)
T4534 23667:150 JLINK_IsHalted()  returns FALSE (0000ms, 149908ms total)
T4534 23667:352 JLINK_IsHalted()  returns FALSE (0001ms, 149909ms total)
T4534 23667:553 JLINK_IsHalted()  returns FALSE (0001ms, 149909ms total)
T4534 23667:756 JLINK_IsHalted()  returns FALSE (0000ms, 149908ms total)
T4534 23667:956 JLINK_IsHalted()  returns FALSE (0001ms, 149909ms total)
T4534 23668:157 JLINK_IsHalted()  returns FALSE (0000ms, 149908ms total)
T4534 23668:359 JLINK_IsHalted()  returns FALSE (0000ms, 149908ms total)
T4534 23668:560 JLINK_IsHalted()  returns FALSE (0000ms, 149908ms total)
T4534 23668:761 JLINK_IsHalted()  returns FALSE (0000ms, 149908ms total)
T4534 23668:962 JLINK_IsHalted()  returns FALSE (0001ms, 149909ms total)
T4534 23669:164 JLINK_IsHalted()  returns FALSE (0001ms, 149909ms total)
T4534 23669:365 JLINK_IsHalted()  returns FALSE (0000ms, 149908ms total)
T4534 23669:569 JLINK_IsHalted()  returns FALSE (0001ms, 149909ms total)
T4534 23669:772 JLINK_IsHalted()  returns FALSE (0000ms, 149908ms total)
T4534 23669:972 JLINK_IsHalted()  returns FALSE (0000ms, 149908ms total)
T4534 23670:173 JLINK_IsHalted()  returns FALSE (0000ms, 149908ms total)
T4534 23670:374 JLINK_IsHalted()  returns FALSE (0001ms, 149909ms total)
T4534 23670:575 JLINK_IsHalted()  returns FALSE (0000ms, 149908ms total)
T4534 23670:775 JLINK_IsHalted()  returns FALSE (0001ms, 149909ms total)
T4534 23670:977 JLINK_IsHalted()  returns FALSE (0000ms, 149908ms total)
T4534 23671:180 JLINK_IsHalted()  returns FALSE (0000ms, 149908ms total)
T4534 23671:381 JLINK_IsHalted()  returns FALSE (0001ms, 149909ms total)
T4534 23671:582 JLINK_IsHalted()  returns FALSE (0001ms, 149909ms total)
T4534 23671:783 JLINK_IsHalted()  returns FALSE (0002ms, 149910ms total)
T4534 23671:985 JLINK_IsHalted()  returns FALSE (0001ms, 149909ms total)
T4534 23672:186 JLINK_IsHalted()  returns FALSE (0000ms, 149908ms total)
T4534 23672:387 JLINK_IsHalted()  returns FALSE (0002ms, 149910ms total)
T4534 23672:589 JLINK_IsHalted()  returns FALSE (0000ms, 149908ms total)
T4534 23672:790 JLINK_IsHalted()  returns FALSE (0001ms, 149909ms total)
T4534 23672:992 JLINK_IsHalted()  returns FALSE (0001ms, 149909ms total)
T4534 23673:193 JLINK_IsHalted()  returns FALSE (0001ms, 149909ms total)
T4534 23673:402 JLINK_IsHalted()  returns FALSE (0001ms, 149909ms total)
T4534 23673:604 JLINK_IsHalted()  returns FALSE (0001ms, 149909ms total)
T4534 23673:805 JLINK_IsHalted()  returns FALSE (0001ms, 149909ms total)
T4534 23674:009 JLINK_IsHalted()  returns FALSE (0000ms, 149908ms total)
T4534 23674:210 JLINK_IsHalted()  returns FALSE (0000ms, 149908ms total)
T4534 23674:410 JLINK_IsHalted()  returns FALSE (0000ms, 149908ms total)
T4534 23674:611 JLINK_IsHalted()  returns FALSE (0000ms, 149908ms total)
T4534 23674:811 JLINK_IsHalted()  returns FALSE (0000ms, 149908ms total)
T4534 23675:012 JLINK_IsHalted()  returns FALSE (0000ms, 149908ms total)
T4534 23675:212 JLINK_IsHalted()  returns FALSE (0000ms, 149908ms total)
T4534 23675:412 JLINK_IsHalted()  returns FALSE (0000ms, 149908ms total)
T4534 23675:613 JLINK_IsHalted()  returns FALSE (0001ms, 149909ms total)
T4534 23675:819 JLINK_IsHalted()  returns FALSE (0001ms, 149909ms total)
T4534 23676:020 JLINK_IsHalted()  returns FALSE (0001ms, 149909ms total)
T4534 23676:221 JLINK_IsHalted()  returns FALSE (0001ms, 149909ms total)
T4534 23676:423 JLINK_IsHalted()  returns FALSE (0001ms, 149909ms total)
T4534 23676:626 JLINK_IsHalted()  returns FALSE (0000ms, 149908ms total)
T4534 23676:827 JLINK_IsHalted()  returns FALSE (0001ms, 149909ms total)
T4534 23677:029 JLINK_IsHalted()  returns FALSE (0000ms, 149908ms total)
T4534 23677:231 JLINK_IsHalted()  returns FALSE (0002ms, 149910ms total)
T4534 23677:434 JLINK_IsHalted()  returns FALSE (0001ms, 149909ms total)
T4534 23677:636 JLINK_IsHalted()  returns FALSE (0001ms, 149909ms total)
T4534 23677:840 JLINK_IsHalted()  returns FALSE (0000ms, 149908ms total)
T4534 23678:040 JLINK_IsHalted()  returns FALSE (0001ms, 149909ms total)
T4534 23678:242 JLINK_IsHalted()  returns FALSE (0001ms, 149909ms total)
T4534 23678:445 JLINK_IsHalted()  returns FALSE (0000ms, 149908ms total)
T4534 23678:645 JLINK_IsHalted()  returns FALSE (0001ms, 149909ms total)
T4534 23678:847 JLINK_IsHalted()  returns FALSE (0000ms, 149908ms total)
T4534 23679:047 JLINK_IsHalted()  returns FALSE (0000ms, 149908ms total)
T4534 23679:247 JLINK_IsHalted()  returns FALSE (0000ms, 149908ms total)
T4534 23679:448 JLINK_IsHalted()  returns FALSE (0000ms, 149908ms total)
T4534 23679:648 JLINK_IsHalted()  returns FALSE (0000ms, 149908ms total)
T4534 23679:848 JLINK_IsHalted()  returns FALSE (0000ms, 149908ms total)
T4534 23680:049 JLINK_IsHalted()  returns FALSE (0001ms, 149909ms total)
T4534 23680:251 JLINK_IsHalted()  returns FALSE (0000ms, 149908ms total)
T4534 23680:452 JLINK_IsHalted()  returns FALSE (0000ms, 149908ms total)
T4534 23680:652 JLINK_IsHalted()  returns FALSE (0000ms, 149908ms total)
T4534 23680:852 JLINK_IsHalted()  returns FALSE (0001ms, 149909ms total)
T4534 23681:054 JLINK_IsHalted()  returns FALSE (0000ms, 149908ms total)
T4534 23681:256 JLINK_IsHalted()  returns FALSE (0001ms, 149909ms total)
T4534 23681:459 JLINK_IsHalted()  returns FALSE (0000ms, 149908ms total)
T4534 23681:661 JLINK_IsHalted()  returns FALSE (0001ms, 149909ms total)
T4534 23681:863 JLINK_IsHalted()  returns FALSE (0000ms, 149908ms total)
T4534 23682:065 JLINK_IsHalted()  returns FALSE (0001ms, 149909ms total)
T4534 23682:266 JLINK_IsHalted()  returns FALSE (0000ms, 149908ms total)
T4534 23682:469 JLINK_IsHalted()  returns FALSE (0001ms, 149909ms total)
T4534 23682:670 JLINK_IsHalted()  returns FALSE (0001ms, 149909ms total)
T4534 23682:872 JLINK_IsHalted()  returns FALSE (0001ms, 149909ms total)
T4534 23683:073 JLINK_IsHalted()  returns FALSE (0001ms, 149909ms total)
T4534 23683:275 JLINK_IsHalted()  returns FALSE (0000ms, 149908ms total)
T4534 23683:475 JLINK_IsHalted()  returns FALSE (0000ms, 149908ms total)
T4534 23683:676 JLINK_IsHalted()  returns FALSE (0000ms, 149908ms total)
T4534 23683:877 JLINK_IsHalted()  returns FALSE (0001ms, 149909ms total)
T4534 23684:078 JLINK_IsHalted()  returns FALSE (0000ms, 149908ms total)
T4534 23684:280 JLINK_IsHalted()  returns FALSE (0001ms, 149909ms total)
T4534 23684:482 JLINK_IsHalted()  returns FALSE (0000ms, 149908ms total)
T4534 23684:683 JLINK_IsHalted()  returns FALSE (0001ms, 149909ms total)
T4534 23684:884 JLINK_IsHalted()  returns FALSE (0000ms, 149908ms total)
T4534 23685:085 JLINK_IsHalted()  returns FALSE (0000ms, 149908ms total)
T4534 23685:285 JLINK_IsHalted()  returns FALSE (0000ms, 149908ms total)
T4534 23685:486 JLINK_IsHalted()  returns FALSE (0001ms, 149909ms total)
T4534 23685:687 JLINK_IsHalted()  returns FALSE (0001ms, 149909ms total)
T4534 23685:888 JLINK_IsHalted()  returns FALSE (0001ms, 149909ms total)
T4534 23686:090 JLINK_IsHalted()  returns FALSE (0007ms, 149915ms total)
T4534 23686:297 JLINK_IsHalted()  returns FALSE (0001ms, 149909ms total)
T4534 23686:498 JLINK_IsHalted()  returns FALSE (0002ms, 149910ms total)
T4534 23686:700 JLINK_IsHalted()  returns FALSE (0000ms, 149908ms total)
T4534 23686:901 JLINK_IsHalted()  returns FALSE (0000ms, 149908ms total)
T4534 23687:101 JLINK_IsHalted()  returns FALSE (0001ms, 149909ms total)
T4534 23687:302 JLINK_IsHalted()  returns FALSE (0001ms, 149909ms total)
T4534 23687:504 JLINK_IsHalted()  returns FALSE (0000ms, 149908ms total)
T4534 23687:704 JLINK_IsHalted()  returns FALSE (0000ms, 149908ms total)
T4534 23687:905 JLINK_IsHalted()  returns FALSE (0001ms, 149909ms total)
T4534 23688:106 JLINK_IsHalted()  returns FALSE (0000ms, 149908ms total)
T4534 23688:307 JLINK_IsHalted()  returns FALSE (0001ms, 149909ms total)
T4534 23688:509 JLINK_IsHalted()  returns FALSE (0000ms, 149908ms total)
T4534 23688:709 JLINK_IsHalted()  returns FALSE (0001ms, 149909ms total)
T4534 23688:912 JLINK_IsHalted()  returns FALSE (0001ms, 149909ms total)
T4534 23689:113 JLINK_IsHalted()  returns FALSE (0000ms, 149908ms total)
T4534 23689:315 JLINK_IsHalted()  returns FALSE (0000ms, 149908ms total)
T4534 23689:517 JLINK_IsHalted()  returns FALSE (0001ms, 149909ms total)
T4534 23689:720 JLINK_IsHalted()  returns FALSE (0001ms, 149909ms total)
T4534 23689:921 JLINK_IsHalted()  returns FALSE (0000ms, 149908ms total)
T4534 23690:122 JLINK_IsHalted()  returns FALSE (0000ms, 149908ms total)
T4534 23690:323 JLINK_IsHalted()  returns FALSE (0000ms, 149908ms total)
T4534 23690:523 JLINK_IsHalted()  returns FALSE (0001ms, 149909ms total)
T4534 23690:725 JLINK_IsHalted()  returns FALSE (0000ms, 149908ms total)
T4534 23690:927 JLINK_IsHalted()  returns FALSE (0001ms, 149909ms total)
T4534 23691:129 JLINK_IsHalted()  returns FALSE (0001ms, 149909ms total)
T4534 23691:332 JLINK_IsHalted()  returns FALSE (0001ms, 149909ms total)
T4534 23691:535 JLINK_IsHalted()  returns FALSE (0006ms, 149914ms total)
T4534 23691:742 JLINK_IsHalted()  returns FALSE (0000ms, 149908ms total)
T4534 23691:944 JLINK_IsHalted()  returns FALSE (0001ms, 149909ms total)
T4534 23692:145 JLINK_IsHalted()  returns FALSE (0000ms, 149908ms total)
T4534 23692:348 JLINK_IsHalted()  returns FALSE (0001ms, 149909ms total)
T4534 23692:550 JLINK_IsHalted()  returns FALSE (0000ms, 149908ms total)
T4534 23692:752 JLINK_IsHalted()  returns FALSE (0001ms, 149909ms total)
T4534 23692:954 JLINK_IsHalted()  returns FALSE (0000ms, 149908ms total)
T4534 23693:155 JLINK_IsHalted()  returns FALSE (0000ms, 149908ms total)
T4534 23693:356 JLINK_IsHalted()  returns FALSE (0000ms, 149908ms total)
T4534 23693:557 JLINK_IsHalted()  returns FALSE (0001ms, 149909ms total)
T4534 23693:762 JLINK_IsHalted()  returns FALSE (0001ms, 149909ms total)
T4534 23693:964 JLINK_IsHalted()  returns FALSE (0001ms, 149909ms total)
T4534 23694:165 JLINK_IsHalted()  returns FALSE (0000ms, 149908ms total)
T4534 23694:367 JLINK_IsHalted()  returns FALSE (0001ms, 149909ms total)
T4534 23694:568 JLINK_IsHalted()  returns FALSE (0000ms, 149908ms total)
T4534 23694:769 JLINK_IsHalted()  returns FALSE (0000ms, 149908ms total)
T4534 23694:970 JLINK_IsHalted()  returns FALSE (0001ms, 149909ms total)
T4534 23695:172 JLINK_IsHalted()  returns FALSE (0000ms, 149908ms total)
T4534 23695:373 JLINK_IsHalted()  returns FALSE (0000ms, 149908ms total)
T4534 23695:574 JLINK_IsHalted()  returns FALSE (0001ms, 149909ms total)
T4534 23695:775 JLINK_IsHalted()  returns FALSE (0000ms, 149908ms total)
T4534 23695:976 JLINK_IsHalted()  returns FALSE (0000ms, 149908ms total)
T4534 23696:176 JLINK_IsHalted()  returns FALSE (0000ms, 149908ms total)
T4534 23696:377 JLINK_IsHalted()  returns FALSE (0001ms, 149909ms total)
T4534 23696:578 JLINK_IsHalted()  returns FALSE (0000ms, 149909ms total)
T4534 23696:779 JLINK_IsHalted()  returns FALSE (0000ms, 149909ms total)
T4534 23696:980 JLINK_IsHalted()  returns FALSE (0000ms, 149909ms total)
T4534 23697:181 JLINK_IsHalted()  returns FALSE (0000ms, 149909ms total)
T4534 23697:381 JLINK_IsHalted()  returns FALSE (0001ms, 149910ms total)
T4534 23697:582 JLINK_IsHalted()  returns FALSE (0001ms, 149910ms total)
T4534 23697:783 JLINK_IsHalted()  returns FALSE (0000ms, 149909ms total)
T4534 23697:983 JLINK_IsHalted()  returns FALSE (0001ms, 149910ms total)
T4534 23698:185 JLINK_IsHalted()  returns FALSE (0001ms, 149910ms total)
T4534 23698:386 JLINK_IsHalted()  returns FALSE (0000ms, 149909ms total)
T4534 23698:589 JLINK_IsHalted()  returns FALSE (0000ms, 149909ms total)
T4534 23698:790 JLINK_IsHalted()  returns FALSE (0001ms, 149910ms total)
T4534 23698:993 JLINK_IsHalted()  returns FALSE (0001ms, 149910ms total)
T4534 23699:194 JLINK_IsHalted()  returns FALSE (0000ms, 149909ms total)
T4534 23699:396 JLINK_IsHalted()  returns FALSE (0001ms, 149910ms total)
T4534 23699:597 JLINK_IsHalted()  returns FALSE (0001ms, 149911ms total)
T4534 23699:798 JLINK_IsHalted()  returns FALSE (0001ms, 149911ms total)
T4534 23700:000 JLINK_IsHalted()  returns FALSE (0000ms, 149910ms total)
T4534 23700:202 JLINK_IsHalted()  returns FALSE (0001ms, 149911ms total)
T4534 23700:404 JLINK_IsHalted()  returns FALSE (0000ms, 149910ms total)
T4534 23700:605 JLINK_IsHalted()  returns FALSE (0001ms, 149911ms total)
T4534 23700:807 JLINK_IsHalted()  returns FALSE (0000ms, 149910ms total)
T4534 23701:009 JLINK_IsHalted()  returns FALSE (0001ms, 149911ms total)
T4534 23701:210 JLINK_IsHalted()  returns FALSE (0001ms, 149911ms total)
T4534 23701:412 JLINK_IsHalted()  returns FALSE (0000ms, 149910ms total)
T4534 23701:613 JLINK_IsHalted()  returns FALSE (0000ms, 149910ms total)
T4534 23701:813 JLINK_IsHalted()  returns FALSE (0001ms, 149911ms total)
T4534 23702:015 JLINK_IsHalted()  returns FALSE (0000ms, 149910ms total)
T4534 23702:216 JLINK_IsHalted()  returns FALSE (0000ms, 149910ms total)
T4534 23702:417 JLINK_IsHalted()  returns FALSE (0000ms, 149910ms total)
T4534 23702:620 JLINK_IsHalted()  returns FALSE (0001ms, 149911ms total)
T4534 23702:822 JLINK_IsHalted()  returns FALSE (0001ms, 149911ms total)
T4534 23703:027 JLINK_IsHalted()  returns FALSE (0001ms, 149911ms total)
T4534 23703:230 JLINK_IsHalted()  returns FALSE (0000ms, 149910ms total)
T4534 23703:431 JLINK_IsHalted()  returns FALSE (0000ms, 149910ms total)
T4534 23703:632 JLINK_IsHalted()  returns FALSE (0001ms, 149911ms total)
T4534 23703:833 JLINK_IsHalted()  returns FALSE (0001ms, 149911ms total)
T4534 23704:034 JLINK_IsHalted()  returns FALSE (0001ms, 149911ms total)
T4534 23704:235 JLINK_IsHalted()  returns FALSE (0001ms, 149911ms total)
T4534 23704:437 JLINK_IsHalted()  returns FALSE (0001ms, 149911ms total)
T4534 23704:639 JLINK_IsHalted()  returns FALSE (0001ms, 149911ms total)
T4534 23704:840 JLINK_IsHalted()  returns FALSE (0001ms, 149911ms total)
T4534 23705:042 JLINK_IsHalted()  returns FALSE (0001ms, 149911ms total)
T4534 23705:245 JLINK_IsHalted()  returns FALSE (0000ms, 149910ms total)
T4534 23705:446 JLINK_IsHalted()  returns FALSE (0000ms, 149910ms total)
T4534 23705:646 JLINK_IsHalted()  returns FALSE (0001ms, 149911ms total)
T4534 23705:848 JLINK_IsHalted()  returns FALSE (0001ms, 149911ms total)
T4534 23706:051 JLINK_IsHalted()  returns FALSE (0000ms, 149910ms total)
T4534 23706:252 JLINK_IsHalted()  returns FALSE (0001ms, 149911ms total)
T4534 23706:453 JLINK_IsHalted()  returns FALSE (0001ms, 149911ms total)
T4534 23706:655 JLINK_IsHalted()  returns FALSE (0001ms, 149911ms total)
T4534 23706:857 JLINK_IsHalted()  returns FALSE (0000ms, 149910ms total)
T4534 23707:059 JLINK_IsHalted()  returns FALSE (0000ms, 149910ms total)
T4534 23707:260 JLINK_IsHalted()  returns FALSE (0000ms, 149910ms total)
T4534 23707:461 JLINK_IsHalted()  returns FALSE (0000ms, 149910ms total)
T4534 23707:662 JLINK_IsHalted()  returns FALSE (0001ms, 149911ms total)
T4534 23707:864 JLINK_IsHalted()  returns FALSE (0000ms, 149910ms total)
T4534 23708:065 JLINK_IsHalted()  returns FALSE (0001ms, 149911ms total)
T4534 23708:267 JLINK_IsHalted()  returns FALSE (0000ms, 149910ms total)
T4534 23708:467 JLINK_IsHalted()  returns FALSE (0000ms, 149910ms total)
T4534 23708:668 JLINK_IsHalted()  returns FALSE (0000ms, 149910ms total)
T4534 23708:869 JLINK_IsHalted()  returns FALSE (0001ms, 149911ms total)
T4534 23709:072 JLINK_IsHalted()  returns FALSE (0001ms, 149911ms total)
T4534 23709:274 JLINK_IsHalted()  returns FALSE (0000ms, 149910ms total)
T4534 23709:476 JLINK_IsHalted()  returns FALSE (0000ms, 149910ms total)
T4534 23709:677 JLINK_IsHalted()  returns FALSE (0001ms, 149911ms total)
T4534 23709:882 JLINK_IsHalted()  returns FALSE (0000ms, 149910ms total)
T4534 23710:082 JLINK_IsHalted()  returns FALSE (0001ms, 149911ms total)
T4534 23710:284 JLINK_IsHalted()  returns FALSE (0001ms, 149911ms total)
T4534 23710:485 JLINK_IsHalted()  returns FALSE (0001ms, 149911ms total)
T4534 23710:687 JLINK_IsHalted()  returns FALSE (0001ms, 149911ms total)
T4534 23710:888 JLINK_IsHalted()  returns FALSE (0001ms, 149911ms total)
T4534 23711:090 JLINK_IsHalted()  returns FALSE (0000ms, 149910ms total)
T4534 23711:292 JLINK_IsHalted()  returns FALSE (0000ms, 149910ms total)
T4534 23711:492 JLINK_IsHalted()  returns FALSE (0001ms, 149911ms total)
T4534 23711:693 JLINK_IsHalted()  returns FALSE (0001ms, 149911ms total)
T4534 23711:894 JLINK_IsHalted()  returns FALSE (0000ms, 149910ms total)
T4534 23712:097 JLINK_IsHalted()  returns FALSE (0001ms, 149911ms total)
T4534 23712:299 JLINK_IsHalted()  returns FALSE (0001ms, 149911ms total)
T4534 23712:501 JLINK_IsHalted()  returns FALSE (0000ms, 149910ms total)
T4534 23712:701 JLINK_IsHalted()  returns FALSE (0001ms, 149911ms total)
T4534 23712:903 JLINK_IsHalted()  returns FALSE (0001ms, 149911ms total)
T4534 23713:104 JLINK_IsHalted()  returns FALSE (0000ms, 149910ms total)
T4534 23713:306 JLINK_IsHalted()  returns FALSE (0001ms, 149911ms total)
T4534 23713:509 JLINK_IsHalted()  returns FALSE (0001ms, 149911ms total)
T4534 23713:711 JLINK_IsHalted()  returns FALSE (0000ms, 149910ms total)
T4534 23713:912 JLINK_IsHalted()  returns FALSE (0000ms, 149910ms total)
T4534 23714:112 JLINK_IsHalted()  returns FALSE (0001ms, 149911ms total)
T4534 23714:313 JLINK_IsHalted()  returns FALSE (0001ms, 149911ms total)
T4534 23714:516 JLINK_IsHalted()  returns FALSE (0000ms, 149910ms total)
T4534 23714:717 JLINK_IsHalted()  returns FALSE (0005ms, 149915ms total)
T4534 23714:924 JLINK_IsHalted()  returns FALSE (0001ms, 149911ms total)
T4534 23715:127 JLINK_IsHalted()  returns FALSE (0001ms, 149911ms total)
T4534 23715:330 JLINK_IsHalted()  returns FALSE (0001ms, 149911ms total)
T4534 23715:531 JLINK_IsHalted()  returns FALSE (0001ms, 149911ms total)
T4534 23715:733 JLINK_IsHalted()  returns FALSE (0000ms, 149910ms total)
T4534 23715:934 JLINK_IsHalted()  returns FALSE (0000ms, 149910ms total)
T4534 23716:137 JLINK_IsHalted()  returns FALSE (0000ms, 149910ms total)
T4534 23716:340 JLINK_IsHalted()  returns FALSE (0000ms, 149910ms total)
T4534 23716:540 JLINK_IsHalted()  returns FALSE (0000ms, 149910ms total)
T4534 23716:741 JLINK_IsHalted()  returns FALSE (0000ms, 149910ms total)
T4534 23716:941 JLINK_IsHalted()  returns FALSE (0001ms, 149911ms total)
T4534 23717:143 JLINK_IsHalted()  returns FALSE (0001ms, 149911ms total)
T4534 23717:345 JLINK_IsHalted()  returns FALSE (0000ms, 149910ms total)
T4534 23717:546 JLINK_IsHalted()  returns FALSE (0000ms, 149910ms total)
T4534 23717:749 JLINK_IsHalted()  returns FALSE (0000ms, 149910ms total)
T4534 23717:951 JLINK_IsHalted()  returns FALSE (0000ms, 149910ms total)
T4534 23718:152 JLINK_IsHalted()  returns FALSE (0000ms, 149910ms total)
T4534 23718:352 JLINK_IsHalted()  returns FALSE (0001ms, 149911ms total)
T4534 23718:554 JLINK_IsHalted()  returns FALSE (0000ms, 149910ms total)
T4534 23718:754 JLINK_IsHalted()  returns FALSE (0001ms, 149911ms total)
T4534 23718:957 JLINK_IsHalted()  returns FALSE (0000ms, 149910ms total)
T4534 23719:158 JLINK_IsHalted()  returns FALSE (0000ms, 149910ms total)
T4534 23719:359 JLINK_IsHalted()  returns FALSE (0000ms, 149910ms total)
T4534 23719:560 JLINK_IsHalted()  returns FALSE (0001ms, 149911ms total)
T4534 23719:762 JLINK_IsHalted()  returns FALSE (0000ms, 149910ms total)
T4534 23719:963 JLINK_IsHalted()  returns FALSE (0001ms, 149911ms total)
T4534 23720:165 JLINK_IsHalted()  returns FALSE (0005ms, 149915ms total)
T4534 23720:371 JLINK_IsHalted()  returns FALSE (0000ms, 149910ms total)
T4534 23720:571 JLINK_IsHalted()  returns FALSE (0000ms, 149910ms total)
T4534 23720:772 JLINK_IsHalted()  returns FALSE (0001ms, 149911ms total)
T4534 23720:975 JLINK_IsHalted()  returns FALSE (0000ms, 149910ms total)
T4534 23721:176 JLINK_IsHalted()  returns FALSE (0001ms, 149911ms total)
T4534 23721:379 JLINK_IsHalted()  returns FALSE (0000ms, 149910ms total)
T4534 23721:580 JLINK_IsHalted()  returns FALSE (0001ms, 149911ms total)
T4534 23721:782 JLINK_IsHalted()  returns FALSE (0001ms, 149911ms total)
T4534 23721:983 JLINK_IsHalted()  returns FALSE (0001ms, 149911ms total)
T4534 23722:185 JLINK_IsHalted()  returns FALSE (0000ms, 149910ms total)
T4534 23722:387 JLINK_IsHalted()  returns FALSE (0000ms, 149910ms total)
T4534 23722:587 JLINK_IsHalted()  returns FALSE (0000ms, 149910ms total)
T4534 23722:788 JLINK_IsHalted()  returns FALSE (0001ms, 149911ms total)
T4534 23722:990 JLINK_IsHalted()  returns FALSE (0001ms, 149911ms total)
T4534 23723:191 JLINK_IsHalted()  returns FALSE (0001ms, 149911ms total)
T4534 23723:393 JLINK_IsHalted()  returns FALSE (0000ms, 149910ms total)
T4534 23723:595 JLINK_IsHalted()  returns FALSE (0000ms, 149910ms total)
T4534 23723:795 JLINK_IsHalted()  returns FALSE (0000ms, 149910ms total)
T4534 23723:996 JLINK_IsHalted()  returns FALSE (0001ms, 149911ms total)
T4534 23724:197 JLINK_IsHalted()  returns FALSE (0001ms, 149912ms total)
T4534 23724:400 JLINK_IsHalted()  returns FALSE (0001ms, 149912ms total)
T4534 23724:601 JLINK_IsHalted()  returns FALSE (0000ms, 149911ms total)
T4534 23724:802 JLINK_IsHalted()  returns FALSE (0001ms, 149912ms total)
T4534 23725:005 JLINK_IsHalted()  returns FALSE (0000ms, 149911ms total)
T4534 23725:206 JLINK_IsHalted()  returns FALSE (0000ms, 149911ms total)
T4534 23725:409 JLINK_IsHalted()  returns FALSE (0000ms, 149911ms total)
T4534 23725:610 JLINK_IsHalted()  returns FALSE (0001ms, 149912ms total)
T4534 23725:812 JLINK_IsHalted()  returns FALSE (0000ms, 149911ms total)
T4534 23726:014 JLINK_IsHalted()  returns FALSE (0001ms, 149912ms total)
T4534 23726:215 JLINK_IsHalted()  returns FALSE (0001ms, 149912ms total)
T4534 23726:418 JLINK_IsHalted()  returns FALSE (0001ms, 149912ms total)
T4534 23726:621 JLINK_IsHalted()  returns FALSE (0001ms, 149912ms total)
T4534 23726:822 JLINK_IsHalted()  returns FALSE (0001ms, 149912ms total)
T4534 23727:023 JLINK_IsHalted()  returns FALSE (0002ms, 149913ms total)
T4534 23727:226 JLINK_IsHalted()  returns FALSE (0000ms, 149911ms total)
T4534 23727:427 JLINK_IsHalted()  returns FALSE (0001ms, 149912ms total)
T4534 23727:629 JLINK_IsHalted()  returns FALSE (0000ms, 149911ms total)
T4534 23727:830 JLINK_IsHalted()  returns FALSE (0001ms, 149912ms total)
T4534 23728:031 JLINK_IsHalted()  returns FALSE (0000ms, 149911ms total)
T4534 23728:231 JLINK_IsHalted()  returns FALSE (0000ms, 149911ms total)
T4534 23728:432 JLINK_IsHalted()  returns FALSE (0000ms, 149911ms total)
T4534 23728:633 JLINK_IsHalted()  returns FALSE (0000ms, 149911ms total)
T4534 23728:833 JLINK_IsHalted()  returns FALSE (0001ms, 149912ms total)
T4534 23729:035 JLINK_IsHalted()  returns FALSE (0001ms, 149912ms total)
T4534 23729:237 JLINK_IsHalted()  returns FALSE (0001ms, 149912ms total)
T4534 23729:438 JLINK_IsHalted()  returns FALSE (0001ms, 149912ms total)
T4534 23729:640 JLINK_IsHalted()  returns FALSE (0001ms, 149913ms total)
T4534 23729:842 JLINK_IsHalted()  returns FALSE (0001ms, 149913ms total)
T4534 23730:043 JLINK_IsHalted()  returns FALSE (0000ms, 149912ms total)
T4534 23730:244 JLINK_IsHalted()  returns FALSE (0001ms, 149913ms total)
T4534 23730:448 JLINK_IsHalted()  returns FALSE (0000ms, 149912ms total)
T4534 23730:648 JLINK_IsHalted()  returns FALSE (0001ms, 149913ms total)
T4534 23730:850 JLINK_IsHalted()  returns FALSE (0000ms, 149912ms total)
T4534 23731:052 JLINK_IsHalted()  returns FALSE (0000ms, 149912ms total)
T4534 23731:252 JLINK_IsHalted()  returns FALSE (0001ms, 149913ms total)
T4534 23731:453 JLINK_IsHalted()  returns FALSE (0001ms, 149914ms total)
T4534 23731:660 JLINK_IsHalted()  returns FALSE (0000ms, 149913ms total)
T4534 23731:861 JLINK_IsHalted()  returns FALSE (0000ms, 149913ms total)
T4534 23732:062 JLINK_IsHalted()  returns FALSE (0000ms, 149913ms total)
T4534 23732:263 JLINK_IsHalted()  returns FALSE (0000ms, 149913ms total)
T4534 23732:464 JLINK_IsHalted()  returns FALSE (0001ms, 149914ms total)
T4534 23732:666 JLINK_IsHalted()  returns FALSE (0000ms, 149913ms total)
T4534 23732:867 JLINK_IsHalted()  returns FALSE (0001ms, 149914ms total)
T4534 23733:069 JLINK_IsHalted()  returns FALSE (0001ms, 149914ms total)
T4534 23733:270 JLINK_IsHalted()  returns FALSE (0000ms, 149913ms total)
T4534 23733:471 JLINK_IsHalted()  returns FALSE (0001ms, 149914ms total)
T4534 23733:673 JLINK_IsHalted()  returns FALSE (0000ms, 149913ms total)
T4534 23733:876 JLINK_IsHalted()  returns FALSE (0000ms, 149913ms total)
T4534 23734:077 JLINK_IsHalted()  returns FALSE (0001ms, 149914ms total)
T4534 23734:280 JLINK_IsHalted()  returns FALSE (0000ms, 149913ms total)
T4534 23734:481 JLINK_IsHalted()  returns FALSE (0001ms, 149914ms total)
T4534 23734:682 JLINK_IsHalted()  returns FALSE (0000ms, 149913ms total)
T4534 23734:883 JLINK_IsHalted()  returns FALSE (0000ms, 149913ms total)
T4534 23735:083 JLINK_IsHalted()  returns FALSE (0000ms, 149913ms total)
T4534 23735:285 JLINK_IsHalted()  returns FALSE (0001ms, 149914ms total)
T4534 23735:487 JLINK_IsHalted()  returns FALSE (0001ms, 149914ms total)
T4534 23735:691 JLINK_IsHalted()  returns FALSE (0000ms, 149913ms total)
T4534 23735:892 JLINK_IsHalted()  returns FALSE (0001ms, 149914ms total)
T4534 23736:093 JLINK_IsHalted()  returns FALSE (0001ms, 149914ms total)
T4534 23736:294 JLINK_IsHalted()  returns FALSE (0001ms, 149914ms total)
T4534 23736:496 JLINK_IsHalted()  returns FALSE (0000ms, 149913ms total)
T4534 23736:697 JLINK_IsHalted()  returns FALSE (0001ms, 149914ms total)
T4534 23736:899 JLINK_IsHalted()  returns FALSE (0001ms, 149914ms total)
T4534 23737:101 JLINK_IsHalted()  returns FALSE (0000ms, 149913ms total)
T4534 23737:302 JLINK_IsHalted()  returns FALSE (0001ms, 149914ms total)
T4534 23737:504 JLINK_IsHalted()  returns FALSE (0000ms, 149913ms total)
T4534 23737:704 JLINK_IsHalted()  returns FALSE (0000ms, 149913ms total)
T4534 23737:904 JLINK_IsHalted()  returns FALSE (0001ms, 149914ms total)
T4534 23738:106 JLINK_IsHalted()  returns FALSE (0001ms, 149914ms total)
T4534 23738:308 JLINK_IsHalted()  returns FALSE (0001ms, 149914ms total)
T4534 23738:509 JLINK_IsHalted()  returns FALSE (0000ms, 149913ms total)
T4534 23738:709 JLINK_IsHalted()  returns FALSE (0001ms, 149914ms total)
T4534 23738:912 JLINK_IsHalted()  returns FALSE (0001ms, 149914ms total)
T4534 23739:116 JLINK_IsHalted()  returns FALSE (0000ms, 149913ms total)
T4534 23739:317 JLINK_IsHalted()  returns FALSE (0001ms, 149914ms total)
T4534 23739:518 JLINK_IsHalted()  returns FALSE (0001ms, 149914ms total)
T4534 23739:720 JLINK_IsHalted()  returns FALSE (0000ms, 149913ms total)
T4534 23739:922 JLINK_IsHalted()  returns FALSE (0000ms, 149913ms total)
T4534 23740:122 JLINK_IsHalted()  returns FALSE (0001ms, 149914ms total)
T4534 23740:323 JLINK_IsHalted()  returns FALSE (0000ms, 149913ms total)
T4534 23740:525 JLINK_IsHalted()  returns FALSE (0000ms, 149913ms total)
T4534 23740:729 JLINK_IsHalted()  returns FALSE (0001ms, 149914ms total)
T4534 23740:932 JLINK_IsHalted()  returns FALSE (0001ms, 149914ms total)
T4534 23741:134 JLINK_IsHalted()  returns FALSE (0000ms, 149913ms total)
T4534 23741:334 JLINK_IsHalted()  returns FALSE (0001ms, 149914ms total)
T4534 23741:538 JLINK_IsHalted()  returns FALSE (0000ms, 149913ms total)
T4534 23741:739 JLINK_IsHalted()  returns FALSE (0001ms, 149914ms total)
T4534 23741:940 JLINK_IsHalted()  returns FALSE (0001ms, 149914ms total)
T4534 23742:143 JLINK_IsHalted()  returns FALSE (0000ms, 149913ms total)
T4534 23742:344 JLINK_IsHalted()  returns FALSE (0001ms, 149914ms total)
T4534 23742:545 JLINK_IsHalted()  returns FALSE (0002ms, 149915ms total)
T4534 23742:749 JLINK_IsHalted()  returns FALSE (0001ms, 149914ms total)
T4534 23742:951 JLINK_IsHalted()  returns FALSE (0000ms, 149913ms total)
T4534 23743:152 JLINK_IsHalted()  returns FALSE (0001ms, 149914ms total)
T4534 23743:353 JLINK_IsHalted()  returns FALSE (0002ms, 149915ms total)
T4534 23743:555 JLINK_IsHalted()  returns FALSE (0001ms, 149914ms total)
T4534 23743:757 JLINK_IsHalted()  returns FALSE (0001ms, 149914ms total)
T4534 23743:958 JLINK_IsHalted()  returns FALSE (0000ms, 149913ms total)
T4534 23744:159 JLINK_IsHalted()  returns FALSE (0000ms, 149913ms total)
T4534 23744:359 JLINK_IsHalted()  returns FALSE (0000ms, 149913ms total)
T4534 23744:561 JLINK_IsHalted()  returns FALSE (0001ms, 149914ms total)
T4534 23744:762 JLINK_IsHalted()  returns FALSE (0000ms, 149913ms total)
T4534 23744:963 JLINK_IsHalted()  returns FALSE (0000ms, 149913ms total)
T4534 23745:164 JLINK_IsHalted()  returns FALSE (0001ms, 149914ms total)
T4534 23745:365 JLINK_IsHalted()  returns FALSE (0000ms, 149913ms total)
T4534 23745:569 JLINK_IsHalted()  returns FALSE (0000ms, 149913ms total)
T4534 23745:772 JLINK_IsHalted()  returns FALSE (0000ms, 149913ms total)
T4534 23745:972 JLINK_IsHalted()  returns FALSE (0001ms, 149914ms total)
T4534 23746:174 JLINK_IsHalted()  returns FALSE (0001ms, 149914ms total)
T4534 23746:377 JLINK_IsHalted()  returns FALSE (0000ms, 149913ms total)
T4534 23746:577 JLINK_IsHalted()  returns FALSE (0000ms, 149913ms total)
T4534 23746:778 JLINK_IsHalted()  returns FALSE (0000ms, 149913ms total)
T4534 23746:978 JLINK_IsHalted()  returns FALSE (0000ms, 149913ms total)
T4534 23747:179 JLINK_IsHalted()  returns FALSE (0001ms, 149914ms total)
T4534 23747:381 JLINK_IsHalted()  returns FALSE (0001ms, 149914ms total)
T4534 23747:582 JLINK_IsHalted()  returns FALSE (0000ms, 149913ms total)
T4534 23747:783 JLINK_IsHalted()  returns FALSE (0001ms, 149914ms total)
T4534 23747:985 JLINK_IsHalted()  returns FALSE (0000ms, 149913ms total)
T4534 23748:186 JLINK_IsHalted()  returns FALSE (0000ms, 149913ms total)
T4534 23748:387 JLINK_IsHalted()  returns FALSE (0001ms, 149914ms total)
T4534 23748:588 JLINK_IsHalted()  returns FALSE (0001ms, 149914ms total)
T4534 23748:789 JLINK_IsHalted()  returns FALSE (0001ms, 149914ms total)
T4534 23748:990 JLINK_IsHalted()  returns FALSE (0001ms, 149914ms total)
T4534 23749:192 JLINK_IsHalted()  returns FALSE (0001ms, 149914ms total)
T4534 23749:394 JLINK_IsHalted()  returns FALSE (0000ms, 149913ms total)
T4534 23749:595 JLINK_IsHalted()  returns FALSE (0001ms, 149914ms total)
T4534 23749:796 JLINK_IsHalted()  returns FALSE (0000ms, 149913ms total)
T4534 23749:996 JLINK_IsHalted()  returns FALSE (0000ms, 149913ms total)
T4534 23750:197 JLINK_IsHalted()  returns FALSE (0000ms, 149913ms total)
T4534 23750:399 JLINK_IsHalted()  returns FALSE (0001ms, 149914ms total)
T4534 23750:600 JLINK_IsHalted()  returns FALSE (0001ms, 149914ms total)
T4534 23750:802 JLINK_IsHalted()  returns FALSE (0001ms, 149914ms total)
T4534 23751:003 JLINK_IsHalted()  returns FALSE (0000ms, 149913ms total)
T4534 23751:204 JLINK_IsHalted()  returns FALSE (0001ms, 149914ms total)
T4534 23751:409 JLINK_IsHalted()  returns FALSE (0001ms, 149914ms total)
T4534 23751:610 JLINK_IsHalted()  returns FALSE (0001ms, 149914ms total)
T4534 23751:811 JLINK_IsHalted()  returns FALSE (0000ms, 149913ms total)
T4534 23752:011 JLINK_IsHalted()  returns FALSE (0001ms, 149914ms total)
T4534 23752:213 JLINK_IsHalted()  returns FALSE (0001ms, 149914ms total)
T4534 23752:416 JLINK_IsHalted()  returns FALSE (0001ms, 149914ms total)
T4534 23752:619 JLINK_IsHalted()  returns FALSE (0001ms, 149914ms total)
T4534 23752:821 JLINK_IsHalted()  returns FALSE (0001ms, 149914ms total)
T4534 23753:023 JLINK_IsHalted()  returns FALSE (0000ms, 149913ms total)
T4534 23753:225 JLINK_IsHalted()  returns FALSE (0001ms, 149914ms total)
T4534 23753:429 JLINK_IsHalted()  returns FALSE (0001ms, 149914ms total)
T4534 23753:630 JLINK_IsHalted()  returns FALSE (0001ms, 149914ms total)
T4534 23753:832 JLINK_IsHalted()  returns FALSE (0000ms, 149913ms total)
T4534 23754:033 JLINK_IsHalted()  returns FALSE (0000ms, 149913ms total)
T4534 23754:234 JLINK_IsHalted()  returns FALSE (0001ms, 149914ms total)
T4534 23754:437 JLINK_IsHalted()  returns FALSE (0001ms, 149914ms total)
T4534 23754:639 JLINK_IsHalted()  returns FALSE (0001ms, 149914ms total)
T4534 23754:841 JLINK_IsHalted()  returns FALSE (0002ms, 149915ms total)
T4534 23755:044 JLINK_IsHalted()  returns FALSE (0001ms, 149914ms total)
T4534 23755:245 JLINK_IsHalted()  returns FALSE (0000ms, 149913ms total)
T4534 23755:446 JLINK_IsHalted()  returns FALSE (0000ms, 149913ms total)
T4534 23755:647 JLINK_IsHalted()  returns FALSE (0000ms, 149913ms total)
T4534 23755:848 JLINK_IsHalted()  returns FALSE (0001ms, 149914ms total)
T4534 23756:050 JLINK_IsHalted()  returns FALSE (0000ms, 149913ms total)
T4534 23756:252 JLINK_IsHalted()  returns FALSE (0000ms, 149913ms total)
T4534 23756:452 JLINK_IsHalted()  returns FALSE (0001ms, 149914ms total)
T4534 23756:657 JLINK_IsHalted()  returns FALSE (0001ms, 149914ms total)
T4534 23756:860 JLINK_IsHalted()  returns FALSE (0000ms, 149913ms total)
T4534 23757:061 JLINK_IsHalted()  returns FALSE (0001ms, 149914ms total)
T4534 23757:263 JLINK_IsHalted()  returns FALSE (0001ms, 149914ms total)
T4534 23757:466 JLINK_IsHalted()  returns FALSE (0000ms, 149913ms total)
T4534 23757:667 JLINK_IsHalted()  returns FALSE (0001ms, 149914ms total)
T4534 23757:868 JLINK_IsHalted()  returns FALSE (0001ms, 149914ms total)
T4534 23758:071 JLINK_IsHalted()  returns FALSE (0002ms, 149915ms total)
T4534 23758:273 JLINK_IsHalted()  returns FALSE (0000ms, 149915ms total)
T4534 23758:474 JLINK_IsHalted()  returns FALSE (0000ms, 149915ms total)
T4534 23758:677 JLINK_IsHalted()  returns FALSE (0001ms, 149916ms total)
T4534 23758:881 JLINK_IsHalted()  returns FALSE (0000ms, 149915ms total)
T4534 23759:082 JLINK_IsHalted()  returns FALSE (0000ms, 149915ms total)
T4534 23759:283 JLINK_IsHalted()  returns FALSE (0000ms, 149915ms total)
T4534 23759:485 JLINK_IsHalted()  returns FALSE (0001ms, 149916ms total)
T4534 23759:688 JLINK_IsHalted()  returns FALSE (0001ms, 149916ms total)
T4534 23759:889 JLINK_IsHalted()  returns FALSE (0001ms, 149916ms total)
T4534 23760:091 JLINK_IsHalted()  returns FALSE (0000ms, 149915ms total)
T4534 23760:292 JLINK_IsHalted()  returns FALSE (0000ms, 149915ms total)
T4534 23760:492 JLINK_IsHalted()  returns FALSE (0000ms, 149915ms total)
T4534 23760:693 JLINK_IsHalted()  returns FALSE (0001ms, 149916ms total)
T4534 23760:894 JLINK_IsHalted()  returns FALSE (0001ms, 149916ms total)
T4534 23761:096 JLINK_IsHalted()  returns FALSE (0000ms, 149915ms total)
T4534 23761:297 JLINK_IsHalted()  returns FALSE (0001ms, 149916ms total)
T4534 23761:499 JLINK_IsHalted()  returns FALSE (0001ms, 149916ms total)
T4534 23761:701 JLINK_IsHalted()  returns FALSE (0000ms, 149915ms total)
T4534 23761:902 JLINK_IsHalted()  returns FALSE (0004ms, 149919ms total)
T4534 23762:109 JLINK_IsHalted()  returns FALSE (0000ms, 149915ms total)
T4534 23762:309 JLINK_IsHalted()  returns FALSE (0001ms, 149916ms total)
T4534 23762:510 JLINK_IsHalted()  returns FALSE (0001ms, 149916ms total)
T4534 23762:712 JLINK_IsHalted()  returns FALSE (0001ms, 149916ms total)
T4534 23762:913 JLINK_IsHalted()  returns FALSE (0001ms, 149916ms total)
T4534 23763:114 JLINK_IsHalted()  returns FALSE (0001ms, 149916ms total)
T4534 23763:318 JLINK_IsHalted()  returns FALSE (0000ms, 149915ms total)
T4534 23763:518 JLINK_IsHalted()  returns FALSE (0001ms, 149916ms total)
T4534 23763:722 JLINK_IsHalted()  returns FALSE (0001ms, 149916ms total)
T4534 23763:923 JLINK_IsHalted()  returns FALSE (0000ms, 149915ms total)
T4534 23764:125 JLINK_IsHalted()  returns FALSE (0001ms, 149916ms total)
T4534 23764:329 JLINK_IsHalted()  returns FALSE (0001ms, 149916ms total)
T4534 23764:530 JLINK_IsHalted()  returns FALSE (0001ms, 149916ms total)
T4534 23764:731 JLINK_IsHalted()  returns FALSE (0001ms, 149916ms total)
T4534 23764:932 JLINK_IsHalted()  returns FALSE (0000ms, 149915ms total)
T4534 23765:133 JLINK_IsHalted()  returns FALSE (0000ms, 149915ms total)
T4534 23765:335 JLINK_IsHalted()  returns FALSE (0001ms, 149916ms total)
T4534 23765:538 JLINK_IsHalted()  returns FALSE (0000ms, 149915ms total)
T4534 23765:740 JLINK_IsHalted()  returns FALSE (0000ms, 149915ms total)
T4534 23765:940 JLINK_IsHalted()  returns FALSE (0001ms, 149916ms total)
T4534 23766:142 JLINK_IsHalted()  returns FALSE (0000ms, 149915ms total)
T4534 23766:343 JLINK_IsHalted()  returns FALSE (0001ms, 149916ms total)
T4534 23766:546 JLINK_IsHalted()  returns FALSE (0000ms, 149915ms total)
T4534 23766:747 JLINK_IsHalted()  returns FALSE (0000ms, 149915ms total)
T4534 23766:949 JLINK_IsHalted()  returns FALSE (0000ms, 149915ms total)
T4534 23767:151 JLINK_IsHalted()  returns FALSE (0001ms, 149916ms total)
T4534 23767:352 JLINK_IsHalted()  returns FALSE (0001ms, 149916ms total)
T4534 23767:555 JLINK_IsHalted()  returns FALSE (0001ms, 149917ms total)
T4534 23767:757 JLINK_IsHalted()  returns FALSE (0000ms, 149916ms total)
T4534 23767:958 JLINK_IsHalted()  returns FALSE (0001ms, 149917ms total)
T4534 23768:159 JLINK_IsHalted()  returns FALSE (0000ms, 149916ms total)
T4534 23768:360 JLINK_IsHalted()  returns FALSE (0000ms, 149916ms total)
T4534 23768:561 JLINK_IsHalted()  returns FALSE (0001ms, 149917ms total)
T4534 23768:763 JLINK_IsHalted()  returns FALSE (0000ms, 149916ms total)
T4534 23768:965 JLINK_IsHalted()  returns FALSE (0000ms, 149916ms total)
T4534 23769:166 JLINK_IsHalted()  returns FALSE (0000ms, 149916ms total)
T4534 23769:367 JLINK_IsHalted()  returns FALSE (0001ms, 149917ms total)
T4534 23769:569 JLINK_IsHalted()  returns FALSE (0001ms, 149917ms total)
T4534 23769:770 JLINK_IsHalted()  returns FALSE (0001ms, 149917ms total)
T4534 23769:972 JLINK_IsHalted()  returns FALSE (0001ms, 149917ms total)
T4534 23770:173 JLINK_IsHalted()  returns FALSE (0001ms, 149917ms total)
T4534 23770:374 JLINK_IsHalted()  returns FALSE (0001ms, 149917ms total)
T4534 23770:576 JLINK_IsHalted()  returns FALSE (0000ms, 149916ms total)
T4534 23770:777 JLINK_IsHalted()  returns FALSE (0000ms, 149916ms total)
T4534 23770:979 JLINK_IsHalted()  returns FALSE (0000ms, 149916ms total)
T4534 23771:179 JLINK_IsHalted()  returns FALSE (0000ms, 149916ms total)
T4534 23771:380 JLINK_IsHalted()  returns FALSE (0001ms, 149917ms total)
T4534 23771:582 JLINK_IsHalted()  returns FALSE (0000ms, 149916ms total)
T4534 23771:782 JLINK_IsHalted()  returns FALSE (0001ms, 149917ms total)
T4534 23771:985 JLINK_IsHalted()  returns FALSE (0001ms, 149917ms total)
T4534 23772:187 JLINK_IsHalted()  returns FALSE (0001ms, 149917ms total)
T4534 23772:388 JLINK_IsHalted()  returns FALSE (0001ms, 149917ms total)
T4534 23772:589 JLINK_IsHalted()  returns FALSE (0001ms, 149917ms total)
T4534 23772:791 JLINK_IsHalted()  returns FALSE (0001ms, 149917ms total)
T4534 23772:993 JLINK_IsHalted()  returns FALSE (0000ms, 149916ms total)
T4534 23773:194 JLINK_IsHalted()  returns FALSE (0000ms, 149916ms total)
T4534 23773:394 JLINK_IsHalted()  returns FALSE (0001ms, 149917ms total)
T4534 23773:595 JLINK_IsHalted()  returns FALSE (0001ms, 149917ms total)
T4534 23773:796 JLINK_IsHalted()  returns FALSE (0000ms, 149916ms total)
T4534 23773:997 JLINK_IsHalted()  returns FALSE (0000ms, 149916ms total)
T4534 23774:198 JLINK_IsHalted()  returns FALSE (0000ms, 149916ms total)
T4534 23774:400 JLINK_IsHalted()  returns FALSE (0000ms, 149916ms total)
T4534 23774:601 JLINK_IsHalted()  returns FALSE (0000ms, 149916ms total)
T4534 23774:802 JLINK_IsHalted()  returns FALSE (0000ms, 149916ms total)
T4534 23775:002 JLINK_IsHalted()  returns FALSE (0001ms, 149917ms total)
T4534 23775:203 JLINK_IsHalted()  returns FALSE (0000ms, 149916ms total)
T4534 23775:404 JLINK_IsHalted()  returns FALSE (0001ms, 149917ms total)
T4534 23775:605 JLINK_IsHalted()  returns FALSE (0000ms, 149917ms total)
T4534 23775:805 JLINK_IsHalted()  returns FALSE (0001ms, 149918ms total)
T4534 23776:007 JLINK_IsHalted()  returns FALSE (0000ms, 149917ms total)
T4534 23776:210 JLINK_IsHalted()  returns FALSE (0000ms, 149917ms total)
T4534 23776:410 JLINK_IsHalted()  returns FALSE (0001ms, 149918ms total)
T4534 23776:611 JLINK_IsHalted()  returns FALSE (0001ms, 149918ms total)
T4534 23776:813 JLINK_IsHalted()  returns FALSE (0000ms, 149917ms total)
T4534 23777:015 JLINK_IsHalted()  returns FALSE (0000ms, 149917ms total)
T4534 23777:217 JLINK_IsHalted()  returns FALSE (0000ms, 149917ms total)
T4534 23777:418 JLINK_IsHalted()  returns FALSE (0009ms, 149926ms total)
T4534 23777:628 JLINK_IsHalted()  returns FALSE (0001ms, 149918ms total)
T4534 23777:829 JLINK_IsHalted()  returns FALSE (0001ms, 149918ms total)
T4534 23778:030 JLINK_IsHalted()  returns FALSE (0001ms, 149918ms total)
T4534 23778:232 JLINK_IsHalted()  returns FALSE (0001ms, 149918ms total)
T4534 23778:433 JLINK_IsHalted()  returns FALSE (0000ms, 149917ms total)
T4534 23778:633 JLINK_IsHalted()  returns FALSE (0000ms, 149917ms total)
T4534 23778:835 JLINK_IsHalted()  returns FALSE (0000ms, 149917ms total)
T4534 23779:037 JLINK_IsHalted()  returns FALSE (0000ms, 149917ms total)
T4534 23779:237 JLINK_IsHalted()  returns FALSE (0001ms, 149918ms total)
T4534 23779:438 JLINK_IsHalted()  returns FALSE (0001ms, 149918ms total)
T4534 23779:639 JLINK_IsHalted()  returns FALSE (0000ms, 149917ms total)
T4534 23779:840 JLINK_IsHalted()  returns FALSE (0000ms, 149917ms total)
T4534 23780:041 JLINK_IsHalted()  returns FALSE (0001ms, 149918ms total)
T4534 23780:243 JLINK_IsHalted()  returns FALSE (0001ms, 149918ms total)
T4534 23780:445 JLINK_IsHalted()  returns FALSE (0000ms, 149917ms total)
T4534 23780:645 JLINK_IsHalted()  returns FALSE (0001ms, 149918ms total)
T4534 23780:847 JLINK_IsHalted()  returns FALSE (0001ms, 149918ms total)
T4534 23781:050 JLINK_IsHalted()  returns FALSE (0000ms, 149917ms total)
T4534 23781:251 JLINK_IsHalted()  returns FALSE (0000ms, 149917ms total)
T4534 23781:453 JLINK_IsHalted()  returns FALSE (0000ms, 149917ms total)
T4534 23781:655 JLINK_IsHalted()  returns FALSE (0001ms, 149918ms total)
T4534 23781:856 JLINK_IsHalted()  returns FALSE (0001ms, 149918ms total)
T4534 23782:061 JLINK_IsHalted()  returns FALSE (0000ms, 149917ms total)
T4534 23782:262 JLINK_IsHalted()  returns FALSE (0000ms, 149917ms total)
T4534 23782:462 JLINK_IsHalted()  returns FALSE (0001ms, 149918ms total)
T4534 23782:663 JLINK_IsHalted()  returns FALSE (0001ms, 149918ms total)
T4534 23782:865 JLINK_IsHalted()  returns FALSE (0006ms, 149923ms total)
T4534 23783:072 JLINK_IsHalted()  returns FALSE (0001ms, 149918ms total)
T4534 23783:275 JLINK_IsHalted()  returns FALSE (0000ms, 149917ms total)
T4534 23783:476 JLINK_IsHalted()  returns FALSE (0001ms, 149918ms total)
T4534 23783:678 JLINK_IsHalted()  returns FALSE (0001ms, 149918ms total)
T4534 23783:879 JLINK_IsHalted()  returns FALSE (0001ms, 149918ms total)
T4534 23784:082 JLINK_IsHalted()  returns FALSE (0001ms, 149918ms total)
T4534 23784:283 JLINK_IsHalted()  returns FALSE (0001ms, 149918ms total)
T4534 23784:484 JLINK_IsHalted()  returns FALSE (0001ms, 149918ms total)
T4534 23784:686 JLINK_IsHalted()  returns FALSE (0000ms, 149917ms total)
T4534 23784:892 JLINK_IsHalted()  returns FALSE (0001ms, 149918ms total)
T4534 23785:094 JLINK_IsHalted()  returns FALSE (0001ms, 149918ms total)
T4534 23785:297 JLINK_IsHalted()  returns FALSE (0001ms, 149918ms total)
T4534 23785:498 JLINK_IsHalted()  returns FALSE (0001ms, 149918ms total)
T4534 23785:700 JLINK_IsHalted()  returns FALSE (0000ms, 149917ms total)
T4534 23785:901 JLINK_IsHalted()  returns FALSE (0001ms, 149918ms total)
T4534 23786:102 JLINK_IsHalted()  returns FALSE (0001ms, 149918ms total)
T4534 23786:303 JLINK_IsHalted()  returns FALSE (0001ms, 149918ms total)
T4534 23786:505 JLINK_IsHalted()  returns FALSE (0000ms, 149917ms total)
T4534 23786:706 JLINK_IsHalted()  returns FALSE (0001ms, 149918ms total)
T4534 23786:909 JLINK_IsHalted()  returns FALSE (0000ms, 149917ms total)
T4534 23787:110 JLINK_IsHalted()  returns FALSE (0001ms, 149918ms total)
T4534 23787:312 JLINK_IsHalted()  returns FALSE (0000ms, 149917ms total)
T4534 23787:513 JLINK_IsHalted()  returns FALSE (0000ms, 149917ms total)
T4534 23787:713 JLINK_IsHalted()  returns FALSE (0001ms, 149918ms total)
T4534 23787:917 JLINK_IsHalted()  returns FALSE (0001ms, 149918ms total)
T4534 23788:119 JLINK_IsHalted()  returns FALSE (0000ms, 149917ms total)
T4534 23788:320 JLINK_IsHalted()  returns FALSE (0000ms, 149917ms total)
T4534 23788:521 JLINK_IsHalted()  returns FALSE (0001ms, 149918ms total)
T4534 23788:724 JLINK_IsHalted()  returns FALSE (0000ms, 149917ms total)
T4534 23788:924 JLINK_IsHalted()  returns FALSE (0000ms, 149917ms total)
T4534 23789:125 JLINK_IsHalted()  returns FALSE (0001ms, 149918ms total)
T4534 23789:326 JLINK_IsHalted()  returns FALSE (0001ms, 149918ms total)
T4534 23789:528 JLINK_IsHalted()  returns FALSE (0000ms, 149917ms total)
T4534 23789:729 JLINK_IsHalted()  returns FALSE (0000ms, 149917ms total)
T4534 23789:930 JLINK_IsHalted()  returns FALSE (0000ms, 149917ms total)
T4534 23790:131 JLINK_IsHalted()  returns FALSE (0001ms, 149918ms total)
T4534 23790:332 JLINK_IsHalted()  returns FALSE (0000ms, 149917ms total)
T4534 23790:532 JLINK_IsHalted()  returns FALSE (0001ms, 149918ms total)
T4534 23790:733 JLINK_IsHalted()  returns FALSE (0001ms, 149918ms total)
T4534 23790:935 JLINK_IsHalted()  returns FALSE (0000ms, 149917ms total)
T4534 23791:136 JLINK_IsHalted()  returns FALSE (0001ms, 149918ms total)
T4534 23791:337 JLINK_IsHalted()  returns FALSE (0001ms, 149918ms total)
T4534 23791:539 JLINK_IsHalted()  returns FALSE (0001ms, 149918ms total)
T4534 23791:740 JLINK_IsHalted()  returns FALSE (0001ms, 149918ms total)
T4534 23791:941 JLINK_IsHalted()  returns FALSE (0001ms, 149918ms total)
T4534 23792:142 JLINK_IsHalted()  returns FALSE (0001ms, 149918ms total)
T4534 23792:343 JLINK_IsHalted()  returns FALSE (0000ms, 149917ms total)
T4534 23792:543 JLINK_IsHalted()  returns FALSE (0000ms, 149917ms total)
T4534 23792:745 JLINK_IsHalted()  returns FALSE (0000ms, 149917ms total)
T4534 23792:946 JLINK_IsHalted()  returns FALSE (0000ms, 149917ms total)
T4534 23793:147 JLINK_IsHalted()  returns FALSE (0000ms, 149917ms total)
T4534 23793:348 JLINK_IsHalted()  returns FALSE (0001ms, 149918ms total)
T4534 23793:549 JLINK_IsHalted()  returns FALSE (0001ms, 149918ms total)
T4534 23793:750 JLINK_IsHalted()  returns FALSE (0001ms, 149918ms total)
T4534 23793:955 JLINK_IsHalted()  returns FALSE (0002ms, 149920ms total)
T4534 23794:159 JLINK_IsHalted()  returns FALSE (0000ms, 149918ms total)
T4534 23794:359 JLINK_IsHalted()  returns FALSE (0001ms, 149919ms total)
T4534 23794:560 JLINK_IsHalted()  returns FALSE (0000ms, 149918ms total)
T4534 23794:763 JLINK_IsHalted()  returns FALSE (0000ms, 149918ms total)
T4534 23794:965 JLINK_IsHalted()  returns FALSE (0001ms, 149919ms total)
T4534 23795:166 JLINK_IsHalted()  returns FALSE (0001ms, 149919ms total)
T4534 23795:367 JLINK_IsHalted()  returns FALSE (0000ms, 149918ms total)
T4534 23795:568 JLINK_IsHalted()  returns FALSE (0000ms, 149918ms total)
T4534 23795:769 JLINK_IsHalted()  returns FALSE (0000ms, 149918ms total)
T4534 23795:970 JLINK_IsHalted()  returns FALSE (0001ms, 149919ms total)
T4534 23796:171 JLINK_IsHalted()  returns FALSE (0001ms, 149919ms total)
T4534 23796:373 JLINK_IsHalted()  returns FALSE (0000ms, 149918ms total)
T4534 23796:574 JLINK_IsHalted()  returns FALSE (0000ms, 149918ms total)
T4534 23796:776 JLINK_IsHalted()  returns FALSE (0000ms, 149918ms total)
T4534 23796:977 JLINK_IsHalted()  returns FALSE (0001ms, 149919ms total)
T4534 23797:178 JLINK_IsHalted()  returns FALSE (0001ms, 149919ms total)
T4534 23797:379 JLINK_IsHalted()  returns FALSE (0000ms, 149918ms total)
T4534 23797:580 JLINK_IsHalted()  returns FALSE (0001ms, 149919ms total)
T4534 23797:783 JLINK_IsHalted()  returns FALSE (0000ms, 149918ms total)
T4534 23797:985 JLINK_IsHalted()  returns FALSE (0000ms, 149918ms total)
T4534 23798:187 JLINK_IsHalted()  returns FALSE (0000ms, 149918ms total)
T4534 23798:388 JLINK_IsHalted()  returns FALSE (0001ms, 149919ms total)
T4534 23798:589 JLINK_IsHalted()  returns FALSE (0001ms, 149919ms total)
T4534 23798:791 JLINK_IsHalted()  returns FALSE (0015ms, 149933ms total)
T4534 23799:009 JLINK_IsHalted()  returns FALSE (0008ms, 149926ms total)
T4534 23799:222 JLINK_IsHalted()  returns FALSE (0003ms, 149921ms total)
T4534 23799:426 JLINK_IsHalted()  returns FALSE (0001ms, 149919ms total)
T4534 23799:629 JLINK_IsHalted()  returns FALSE (0001ms, 149919ms total)
T4534 23799:830 JLINK_IsHalted()  returns FALSE (0001ms, 149919ms total)
T4534 23800:031 JLINK_IsHalted()  returns FALSE (0000ms, 149918ms total)
T4534 23800:232 JLINK_IsHalted()  returns FALSE (0000ms, 149918ms total)
T4534 23800:432 JLINK_IsHalted()  returns FALSE (0001ms, 149919ms total)
T4534 23800:634 JLINK_IsHalted()  returns FALSE (0001ms, 149919ms total)
T4534 23800:836 JLINK_IsHalted()  returns FALSE (0000ms, 149918ms total)
T4534 23801:037 JLINK_IsHalted()  returns FALSE (0001ms, 149919ms total)
T4534 23801:238 JLINK_IsHalted()  returns FALSE (0001ms, 149919ms total)
T4534 23801:440 JLINK_IsHalted()  returns FALSE (0001ms, 149919ms total)
T4534 23801:642 JLINK_IsHalted()  returns FALSE (0000ms, 149918ms total)
T4534 23801:842 JLINK_IsHalted()  returns FALSE (0001ms, 149919ms total)
T4534 23802:043 JLINK_IsHalted()  returns FALSE (0001ms, 149919ms total)
T4534 23802:244 JLINK_IsHalted()  returns FALSE (0001ms, 149920ms total)
T4534 23802:446 JLINK_IsHalted()  returns FALSE (0001ms, 149920ms total)
T4534 23802:648 JLINK_IsHalted()  returns FALSE (0000ms, 149919ms total)
T4534 23802:849 JLINK_IsHalted()  returns FALSE (0000ms, 149919ms total)
T4534 23803:049 JLINK_IsHalted()  returns FALSE (0000ms, 149919ms total)
T4534 23803:251 JLINK_IsHalted()  returns FALSE (0000ms, 149919ms total)
T4534 23803:452 JLINK_IsHalted()  returns FALSE (0001ms, 149920ms total)
T4534 23803:653 JLINK_IsHalted()  returns FALSE (0001ms, 149920ms total)
T4534 23803:854 JLINK_IsHalted()  returns FALSE (0000ms, 149919ms total)
T4534 23804:055 JLINK_IsHalted()  returns FALSE (0001ms, 149920ms total)
T4534 23804:256 JLINK_IsHalted()  returns FALSE (0001ms, 149920ms total)
T4534 23804:457 JLINK_IsHalted()  returns FALSE (0001ms, 149920ms total)
T4534 23804:659 JLINK_IsHalted()  returns FALSE (0001ms, 149920ms total)
T4534 23804:861 JLINK_IsHalted()  returns FALSE (0000ms, 149919ms total)
T4534 23805:062 JLINK_IsHalted()  returns FALSE (0001ms, 149920ms total)
T4534 23805:263 JLINK_IsHalted()  returns FALSE (0000ms, 149919ms total)
T4534 23805:465 JLINK_IsHalted()  returns FALSE (0001ms, 149920ms total)
T4534 23805:666 JLINK_IsHalted()  returns FALSE (0001ms, 149921ms total)
T4534 23805:868 JLINK_IsHalted()  returns FALSE (0000ms, 149920ms total)
T4534 23806:068 JLINK_IsHalted()  returns FALSE (0001ms, 149921ms total)
T4534 23806:269 JLINK_IsHalted()  returns FALSE (0000ms, 149920ms total)
T4534 23806:469 JLINK_IsHalted()  returns FALSE (0000ms, 149920ms total)
T4534 23806:670 JLINK_IsHalted()  returns FALSE (0000ms, 149920ms total)
T4534 23806:870 JLINK_IsHalted()  returns FALSE (0001ms, 149921ms total)
T4534 23807:071 JLINK_IsHalted()  returns FALSE (0000ms, 149920ms total)
T4534 23807:272 JLINK_IsHalted()  returns FALSE (0001ms, 149921ms total)
T4534 23807:473 JLINK_IsHalted()  returns FALSE (0001ms, 149921ms total)
T4534 23807:675 JLINK_IsHalted()  returns FALSE (0000ms, 149920ms total)
T4534 23807:875 JLINK_IsHalted()  returns FALSE (0000ms, 149920ms total)
T4534 23808:076 JLINK_IsHalted()  returns FALSE (0001ms, 149921ms total)
T4534 23808:277 JLINK_IsHalted()  returns FALSE (0001ms, 149921ms total)
T4534 23808:481 JLINK_IsHalted()  returns FALSE (0000ms, 149920ms total)
T4534 23808:682 JLINK_IsHalted()  returns FALSE (0001ms, 149921ms total)
T4534 23808:883 JLINK_IsHalted()  returns FALSE (0000ms, 149920ms total)
T4534 23809:085 JLINK_IsHalted()  returns FALSE (0000ms, 149920ms total)
T4534 23809:286 JLINK_IsHalted()  returns FALSE (0002ms, 149922ms total)
T4534 23809:492 JLINK_IsHalted()  returns FALSE (0000ms, 149920ms total)
T4534 23809:692 JLINK_IsHalted()  returns FALSE (0000ms, 149920ms total)
